<?xml version="1.0" encoding="UTF-8"?>
<robot generator="Robot 5.0.1 (Python 3.8.3 on win32)" generated="20220910 15:18:22.334" rpa="false" schemaversion="3">
<suite id="s1" name="Test Login Rf" source="C:\Users\vtelt\OneDrive\Documents\GitHub\vtelt_robotframework\vtelt_robotframework\test_login_rf.robot">
<kw name="Setup chromedriver" type="SETUP">
<kw name="Set Environment Variable" library="OperatingSystem">
<arg>webdriver.chrome.driver</arg>
<arg>${EXECDIR}/chromedriver.exe</arg>
<doc>Sets an environment variable to a specified value.</doc>
<msg timestamp="20220910 15:18:22.573" level="INFO">Environment variable 'webdriver.chrome.driver' set to value 'C:\Users\vtelt\OneDrive\Documents\GitHub\vtelt_robotframework\vtelt_robotframework/chromedriver.exe'.</msg>
<status status="PASS" starttime="20220910 15:18:22.573" endtime="20220910 15:18:22.573"/>
</kw>
<status status="PASS" starttime="20220910 15:18:22.572" endtime="20220910 15:18:22.573"/>
</kw>
<test id="s1-t1" name="Login to the system" line="38">
<kw name="Open login page">
<kw name="Open Browser" library="SeleniumLibrary">
<arg>${LOGIN URL}</arg>
<arg>${BROWSER}</arg>
<doc>Opens a new browser instance to the optional ``url``.</doc>
<msg timestamp="20220910 15:18:22.575" level="INFO">Opening browser 'Chrome' to base url 'https://scouts.futbolkolektyw.pl/en/'.</msg>
<status status="PASS" starttime="20220910 15:18:22.575" endtime="20220910 15:18:24.237"/>
</kw>
<kw name="Title Should Be" library="SeleniumLibrary">
<arg>Scouts panel - sign in</arg>
<doc>Verifies that the current page title equals ``title``.</doc>
<msg timestamp="20220910 15:18:24.242" level="INFO">Page title is 'Scouts panel - sign in'.</msg>
<status status="PASS" starttime="20220910 15:18:24.237" endtime="20220910 15:18:24.242"/>
</kw>
<status status="PASS" starttime="20220910 15:18:22.574" endtime="20220910 15:18:24.242"/>
</kw>
<kw name="Type in login">
<kw name="Input Text" library="SeleniumLibrary">
<arg>${LOGININPUT}</arg>
<arg>user07@getnada.com</arg>
<doc>Types the given ``text`` into the text field identified by ``locator``.</doc>
<msg timestamp="20220910 15:18:24.244" level="INFO">Typing text 'user07@getnada.com' into text field 'xpath=//*[@id='login']'.</msg>
<status status="PASS" starttime="20220910 15:18:24.243" endtime="20220910 15:18:24.425"/>
</kw>
<status status="PASS" starttime="20220910 15:18:24.243" endtime="20220910 15:18:24.425"/>
</kw>
<kw name="Type in password">
<kw name="Input Text" library="SeleniumLibrary">
<arg>${PASSWORDINPUT}</arg>
<arg>Test-1234</arg>
<doc>Types the given ``text`` into the text field identified by ``locator``.</doc>
<msg timestamp="20220910 15:18:24.426" level="INFO">Typing text 'Test-1234' into text field 'xpath=//*[@id='password']'.</msg>
<status status="PASS" starttime="20220910 15:18:24.426" endtime="20220910 15:18:24.530"/>
</kw>
<status status="PASS" starttime="20220910 15:18:24.426" endtime="20220910 15:18:24.531"/>
</kw>
<kw name="Click on the Send button">
<kw name="Click Element" library="SeleniumLibrary">
<arg>${SIGNINBUTTON}</arg>
<doc>Click the element identified by ``locator``.</doc>
<msg timestamp="20220910 15:18:24.532" level="INFO">Clicking element 'xpath=//*[@type='submit']/span[1]'.</msg>
<status status="PASS" starttime="20220910 15:18:24.531" endtime="20220910 15:18:24.577"/>
</kw>
<status status="PASS" starttime="20220910 15:18:24.531" endtime="20220910 15:18:24.577"/>
</kw>
<kw name="Assert Dashboard">
<kw name="Wait Until Element Is Visible" library="SeleniumLibrary">
<arg>${PAGELOGODASHBOARD}</arg>
<doc>Waits until the element ``locator`` is visible.</doc>
<status status="PASS" starttime="20220910 15:18:24.578" endtime="20220910 15:18:25.476"/>
</kw>
<kw name="Title Should Be" library="SeleniumLibrary">
<arg>Scouts panel</arg>
<doc>Verifies that the current page title equals ``title``.</doc>
<msg timestamp="20220910 15:18:25.605" level="INFO" html="true">&lt;/td&gt;&lt;/tr&gt;&lt;tr&gt;&lt;td colspan="3"&gt;&lt;a href="selenium-screenshot-1.png"&gt;&lt;img src="selenium-screenshot-1.png" width="800px"&gt;&lt;/a&gt;</msg>
<msg timestamp="20220910 15:18:25.606" level="FAIL">Title should have been 'Scouts panel' but was 'PANEL SKAUTINGOWY'.</msg>
<status status="FAIL" starttime="20220910 15:18:25.476" endtime="20220910 15:18:25.608"/>
</kw>
<kw name="Capture Page Screenshot" library="SeleniumLibrary">
<arg>alert.png</arg>
<doc>Takes a screenshot of the current page and embeds it into a log file.</doc>
<status status="NOT RUN" starttime="20220910 15:18:25.609" endtime="20220910 15:18:25.609"/>
</kw>
<status status="FAIL" starttime="20220910 15:18:24.577" endtime="20220910 15:18:25.610"/>
</kw>
<kw name="Close Browser" library="SeleniumLibrary" type="TEARDOWN">
<doc>Closes the current browser.</doc>
<status status="PASS" starttime="20220910 15:18:25.611" endtime="20220910 15:18:27.751"/>
</kw>
<status status="FAIL" starttime="20220910 15:18:22.573" endtime="20220910 15:18:27.752">Title should have been 'Scouts panel' but was 'PANEL SKAUTINGOWY'.</status>
</test>
<test id="s1-t2" name="Login out of the system" line="46">
<kw name="Open login page">
<kw name="Open Browser" library="SeleniumLibrary">
<arg>${LOGIN URL}</arg>
<arg>${BROWSER}</arg>
<doc>Opens a new browser instance to the optional ``url``.</doc>
<msg timestamp="20220910 15:18:27.755" level="INFO">Opening browser 'Chrome' to base url 'https://scouts.futbolkolektyw.pl/en/'.</msg>
<status status="PASS" starttime="20220910 15:18:27.755" endtime="20220910 15:18:29.647"/>
</kw>
<kw name="Title Should Be" library="SeleniumLibrary">
<arg>Scouts panel - sign in</arg>
<doc>Verifies that the current page title equals ``title``.</doc>
<msg timestamp="20220910 15:18:29.653" level="INFO">Page title is 'Scouts panel - sign in'.</msg>
<status status="PASS" starttime="20220910 15:18:29.647" endtime="20220910 15:18:29.653"/>
</kw>
<status status="PASS" starttime="20220910 15:18:27.755" endtime="20220910 15:18:29.653"/>
</kw>
<kw name="Type in login">
<kw name="Input Text" library="SeleniumLibrary">
<arg>${LOGININPUT}</arg>
<arg>user07@getnada.com</arg>
<doc>Types the given ``text`` into the text field identified by ``locator``.</doc>
<msg timestamp="20220910 15:18:29.654" level="INFO">Typing text 'user07@getnada.com' into text field 'xpath=//*[@id='login']'.</msg>
<status status="PASS" starttime="20220910 15:18:29.654" endtime="20220910 15:18:29.820"/>
</kw>
<status status="PASS" starttime="20220910 15:18:29.653" endtime="20220910 15:18:29.820"/>
</kw>
<kw name="Type in password">
<kw name="Input Text" library="SeleniumLibrary">
<arg>${PASSWORDINPUT}</arg>
<arg>Test-1234</arg>
<doc>Types the given ``text`` into the text field identified by ``locator``.</doc>
<msg timestamp="20220910 15:18:29.822" level="INFO">Typing text 'Test-1234' into text field 'xpath=//*[@id='password']'.</msg>
<status status="PASS" starttime="20220910 15:18:29.821" endtime="20220910 15:18:29.936"/>
</kw>
<status status="PASS" starttime="20220910 15:18:29.821" endtime="20220910 15:18:29.937"/>
</kw>
<kw name="Click on the Send button">
<kw name="Click Element" library="SeleniumLibrary">
<arg>${SIGNINBUTTON}</arg>
<doc>Click the element identified by ``locator``.</doc>
<msg timestamp="20220910 15:18:29.938" level="INFO">Clicking element 'xpath=//*[@type='submit']/span[1]'.</msg>
<status status="PASS" starttime="20220910 15:18:29.938" endtime="20220910 15:18:29.988"/>
</kw>
<status status="PASS" starttime="20220910 15:18:29.937" endtime="20220910 15:18:29.988"/>
</kw>
<kw name="Assert Dashboard">
<kw name="Wait Until Element Is Visible" library="SeleniumLibrary">
<arg>${PAGELOGODASHBOARD}</arg>
<doc>Waits until the element ``locator`` is visible.</doc>
<msg timestamp="20220910 15:18:35.217" level="INFO" html="true">&lt;/td&gt;&lt;/tr&gt;&lt;tr&gt;&lt;td colspan="3"&gt;&lt;a href="selenium-screenshot-2.png"&gt;&lt;img src="selenium-screenshot-2.png" width="800px"&gt;&lt;/a&gt;</msg>
<msg timestamp="20220910 15:18:35.217" level="FAIL">Element 'xpath=(//div[contains(@class, 'MuiToolbar-root')])/h6' not visible after 5 seconds.</msg>
<status status="FAIL" starttime="20220910 15:18:29.990" endtime="20220910 15:18:35.218"/>
</kw>
<kw name="Title Should Be" library="SeleniumLibrary">
<arg>Scouts panel</arg>
<doc>Verifies that the current page title equals ``title``.</doc>
<status status="NOT RUN" starttime="20220910 15:18:35.218" endtime="20220910 15:18:35.218"/>
</kw>
<kw name="Capture Page Screenshot" library="SeleniumLibrary">
<arg>alert.png</arg>
<doc>Takes a screenshot of the current page and embeds it into a log file.</doc>
<status status="NOT RUN" starttime="20220910 15:18:35.218" endtime="20220910 15:18:35.218"/>
</kw>
<status status="FAIL" starttime="20220910 15:18:29.989" endtime="20220910 15:18:35.219"/>
</kw>
<kw name="Click on Sign out button">
<status status="NOT RUN" starttime="20220910 15:18:35.220" endtime="20220910 15:18:35.220"/>
</kw>
<kw name="Assert Login page">
<status status="NOT RUN" starttime="20220910 15:18:35.220" endtime="20220910 15:18:35.220"/>
</kw>
<kw name="Close Browser" library="SeleniumLibrary" type="TEARDOWN">
<doc>Closes the current browser.</doc>
<status status="PASS" starttime="20220910 15:18:35.221" endtime="20220910 15:18:37.341"/>
</kw>
<status status="FAIL" starttime="20220910 15:18:27.754" endtime="20220910 15:18:37.342">Element 'xpath=(//div[contains(@class, 'MuiToolbar-root')])/h6' not visible after 5 seconds.</status>
</test>
<test id="s1-t3" name="Incorrect Login" line="56">
<kw name="Open login page">
<kw name="Open Browser" library="SeleniumLibrary">
<arg>${LOGIN URL}</arg>
<arg>${BROWSER}</arg>
<doc>Opens a new browser instance to the optional ``url``.</doc>
<msg timestamp="20220910 15:18:37.352" level="INFO">Opening browser 'Chrome' to base url 'https://scouts.futbolkolektyw.pl/en/'.</msg>
<status status="PASS" starttime="20220910 15:18:37.351" endtime="20220910 15:18:39.353"/>
</kw>
<kw name="Title Should Be" library="SeleniumLibrary">
<arg>Scouts panel - sign in</arg>
<doc>Verifies that the current page title equals ``title``.</doc>
<msg timestamp="20220910 15:18:39.358" level="INFO">Page title is 'Scouts panel - sign in'.</msg>
<status status="PASS" starttime="20220910 15:18:39.353" endtime="20220910 15:18:39.358"/>
</kw>
<status status="PASS" starttime="20220910 15:18:37.350" endtime="20220910 15:18:39.358"/>
</kw>
<kw name="Type incorrect login">
<kw name="Input Text" library="SeleniumLibrary">
<arg>${LOGININPUT}</arg>
<arg>test</arg>
<doc>Types the given ``text`` into the text field identified by ``locator``.</doc>
<msg timestamp="20220910 15:18:39.360" level="INFO">Typing text 'test' into text field 'xpath=//*[@id='login']'.</msg>
<status status="PASS" starttime="20220910 15:18:39.359" endtime="20220910 15:18:39.463"/>
</kw>
<status status="PASS" starttime="20220910 15:18:39.359" endtime="20220910 15:18:39.463"/>
</kw>
<kw name="Type in password">
<kw name="Input Text" library="SeleniumLibrary">
<arg>${PASSWORDINPUT}</arg>
<arg>Test-1234</arg>
<doc>Types the given ``text`` into the text field identified by ``locator``.</doc>
<msg timestamp="20220910 15:18:39.464" level="INFO">Typing text 'Test-1234' into text field 'xpath=//*[@id='password']'.</msg>
<status status="PASS" starttime="20220910 15:18:39.464" endtime="20220910 15:18:39.578"/>
</kw>
<status status="PASS" starttime="20220910 15:18:39.464" endtime="20220910 15:18:39.578"/>
</kw>
<kw name="Click on the Send button">
<kw name="Click Element" library="SeleniumLibrary">
<arg>${SIGNINBUTTON}</arg>
<doc>Click the element identified by ``locator``.</doc>
<msg timestamp="20220910 15:18:39.579" level="INFO">Clicking element 'xpath=//*[@type='submit']/span[1]'.</msg>
<status status="PASS" starttime="20220910 15:18:39.579" endtime="20220910 15:18:39.633"/>
</kw>
<status status="PASS" starttime="20220910 15:18:39.579" endtime="20220910 15:18:39.633"/>
</kw>
<kw name="Assert Login page">
<kw name="Wait Until Element Is Visible" library="SeleniumLibrary">
<arg>${PAGELOGOLOGIN}</arg>
<doc>Waits until the element ``locator`` is visible.</doc>
<status status="PASS" starttime="20220910 15:18:39.635" endtime="20220910 15:18:39.660"/>
</kw>
<kw name="Title Should Be" library="SeleniumLibrary">
<arg>Scouts panel - sign in</arg>
<doc>Verifies that the current page title equals ``title``.</doc>
<msg timestamp="20220910 15:18:39.665" level="INFO">Page title is 'Scouts panel - sign in'.</msg>
<status status="PASS" starttime="20220910 15:18:39.661" endtime="20220910 15:18:39.665"/>
</kw>
<kw name="Capture Page Screenshot" library="SeleniumLibrary">
<arg>alert2.png</arg>
<doc>Takes a screenshot of the current page and embeds it into a log file.</doc>
<msg timestamp="20220910 15:18:39.899" level="INFO" html="true">&lt;/td&gt;&lt;/tr&gt;&lt;tr&gt;&lt;td colspan="3"&gt;&lt;a href="alert2.png"&gt;&lt;img src="alert2.png" width="800px"&gt;&lt;/a&gt;</msg>
<status status="PASS" starttime="20220910 15:18:39.665" endtime="20220910 15:18:39.899"/>
</kw>
<status status="PASS" starttime="20220910 15:18:39.634" endtime="20220910 15:18:39.899"/>
</kw>
<kw name="Assert incorrect login message">
<kw name="Wait Until Element Is Visible" library="SeleniumLibrary">
<arg>${INCORRECTLOGINDATAMESSAGE}</arg>
<doc>Waits until the element ``locator`` is visible.</doc>
<status status="PASS" starttime="20220910 15:18:39.901" endtime="20220910 15:18:40.162"/>
</kw>
<kw name="Element Text Should Be" library="SeleniumLibrary">
<arg>${INCORRECTLOGINDATAMESSAGE}</arg>
<arg>Identifier or password invalid.</arg>
<doc>Verifies that element ``locator`` contains exact the text ``expected``.</doc>
<msg timestamp="20220910 15:18:40.162" level="INFO">Verifying element 'xpath=//span[contains(@class, 'MuiTypography-root')]' contains exact text 'Identifier or password invalid.'.</msg>
<status status="PASS" starttime="20220910 15:18:40.162" endtime="20220910 15:18:40.181"/>
</kw>
<kw name="Capture Page Screenshot" library="SeleniumLibrary">
<arg>alert3.png</arg>
<doc>Takes a screenshot of the current page and embeds it into a log file.</doc>
<msg timestamp="20220910 15:18:40.356" level="INFO" html="true">&lt;/td&gt;&lt;/tr&gt;&lt;tr&gt;&lt;td colspan="3"&gt;&lt;a href="alert3.png"&gt;&lt;img src="alert3.png" width="800px"&gt;&lt;/a&gt;</msg>
<status status="PASS" starttime="20220910 15:18:40.182" endtime="20220910 15:18:40.357"/>
</kw>
<status status="PASS" starttime="20220910 15:18:39.900" endtime="20220910 15:18:40.357"/>
</kw>
<kw name="Close Browser" library="SeleniumLibrary" type="TEARDOWN">
<doc>Closes the current browser.</doc>
<status status="PASS" starttime="20220910 15:18:40.357" endtime="20220910 15:18:42.458"/>
</kw>
<status status="PASS" starttime="20220910 15:18:37.348" endtime="20220910 15:18:42.460"/>
</test>
<test id="s1-t4" name="Empty Password" line="65">
<kw name="Open login page">
<kw name="Open Browser" library="SeleniumLibrary">
<arg>${LOGIN URL}</arg>
<arg>${BROWSER}</arg>
<doc>Opens a new browser instance to the optional ``url``.</doc>
<msg timestamp="20220910 15:18:42.469" level="INFO">Opening browser 'Chrome' to base url 'https://scouts.futbolkolektyw.pl/en/'.</msg>
<status status="PASS" starttime="20220910 15:18:42.468" endtime="20220910 15:18:44.639"/>
</kw>
<kw name="Title Should Be" library="SeleniumLibrary">
<arg>Scouts panel - sign in</arg>
<doc>Verifies that the current page title equals ``title``.</doc>
<msg timestamp="20220910 15:18:44.644" level="INFO">Page title is 'Scouts panel - sign in'.</msg>
<status status="PASS" starttime="20220910 15:18:44.640" endtime="20220910 15:18:44.644"/>
</kw>
<status status="PASS" starttime="20220910 15:18:42.467" endtime="20220910 15:18:44.645"/>
</kw>
<kw name="Type in login">
<kw name="Input Text" library="SeleniumLibrary">
<arg>${LOGININPUT}</arg>
<arg>user07@getnada.com</arg>
<doc>Types the given ``text`` into the text field identified by ``locator``.</doc>
<msg timestamp="20220910 15:18:44.646" level="INFO">Typing text 'user07@getnada.com' into text field 'xpath=//*[@id='login']'.</msg>
<status status="PASS" starttime="20220910 15:18:44.645" endtime="20220910 15:18:44.814"/>
</kw>
<status status="PASS" starttime="20220910 15:18:44.645" endtime="20220910 15:18:44.814"/>
</kw>
<kw name="Type empty password">
<kw name="Input Text" library="SeleniumLibrary">
<arg>${PASSWORDINPUT}</arg>
<arg>${EMPTY}</arg>
<doc>Types the given ``text`` into the text field identified by ``locator``.</doc>
<msg timestamp="20220910 15:18:44.816" level="INFO">Typing text '' into text field 'xpath=//*[@id='password']'.</msg>
<status status="PASS" starttime="20220910 15:18:44.816" endtime="20220910 15:18:44.890"/>
</kw>
<status status="PASS" starttime="20220910 15:18:44.815" endtime="20220910 15:18:44.891"/>
</kw>
<kw name="Click on the Send button">
<kw name="Click Element" library="SeleniumLibrary">
<arg>${SIGNINBUTTON}</arg>
<doc>Click the element identified by ``locator``.</doc>
<msg timestamp="20220910 15:18:44.892" level="INFO">Clicking element 'xpath=//*[@type='submit']/span[1]'.</msg>
<status status="PASS" starttime="20220910 15:18:44.892" endtime="20220910 15:18:44.947"/>
</kw>
<status status="PASS" starttime="20220910 15:18:44.891" endtime="20220910 15:18:44.948"/>
</kw>
<kw name="Assert Login page">
<kw name="Wait Until Element Is Visible" library="SeleniumLibrary">
<arg>${PAGELOGOLOGIN}</arg>
<doc>Waits until the element ``locator`` is visible.</doc>
<status status="PASS" starttime="20220910 15:18:44.949" endtime="20220910 15:18:44.974"/>
</kw>
<kw name="Title Should Be" library="SeleniumLibrary">
<arg>Scouts panel - sign in</arg>
<doc>Verifies that the current page title equals ``title``.</doc>
<msg timestamp="20220910 15:18:44.978" level="INFO">Page title is 'Scouts panel - sign in'.</msg>
<status status="PASS" starttime="20220910 15:18:44.974" endtime="20220910 15:18:44.978"/>
</kw>
<kw name="Capture Page Screenshot" library="SeleniumLibrary">
<arg>alert2.png</arg>
<doc>Takes a screenshot of the current page and embeds it into a log file.</doc>
<msg timestamp="20220910 15:18:45.189" level="INFO" html="true">&lt;/td&gt;&lt;/tr&gt;&lt;tr&gt;&lt;td colspan="3"&gt;&lt;a href="alert2.png"&gt;&lt;img src="alert2.png" width="800px"&gt;&lt;/a&gt;</msg>
<status status="PASS" starttime="20220910 15:18:44.978" endtime="20220910 15:18:45.189"/>
</kw>
<status status="PASS" starttime="20220910 15:18:44.949" endtime="20220910 15:18:45.189"/>
</kw>
<kw name="Assert empty password message">
<kw name="Wait Until Element Is Visible" library="SeleniumLibrary">
<arg>${INCORRECTLOGINDATAMESSAGE}</arg>
<doc>Waits until the element ``locator`` is visible.</doc>
<status status="PASS" starttime="20220910 15:18:45.190" endtime="20220910 15:18:45.214"/>
</kw>
<kw name="Element Text Should Be" library="SeleniumLibrary">
<arg>${INCORRECTLOGINDATAMESSAGE}</arg>
<arg>Please provide your password.</arg>
<doc>Verifies that element ``locator`` contains exact the text ``expected``.</doc>
<msg timestamp="20220910 15:18:45.214" level="INFO">Verifying element 'xpath=//span[contains(@class, 'MuiTypography-root')]' contains exact text 'Please provide your password.'.</msg>
<status status="PASS" starttime="20220910 15:18:45.214" endtime="20220910 15:18:45.233"/>
</kw>
<kw name="Capture Page Screenshot" library="SeleniumLibrary">
<arg>alert4.png</arg>
<doc>Takes a screenshot of the current page and embeds it into a log file.</doc>
<msg timestamp="20220910 15:18:45.399" level="INFO" html="true">&lt;/td&gt;&lt;/tr&gt;&lt;tr&gt;&lt;td colspan="3"&gt;&lt;a href="alert4.png"&gt;&lt;img src="alert4.png" width="800px"&gt;&lt;/a&gt;</msg>
<status status="PASS" starttime="20220910 15:18:45.233" endtime="20220910 15:18:45.399"/>
</kw>
<status status="PASS" starttime="20220910 15:18:45.190" endtime="20220910 15:18:45.400"/>
</kw>
<kw name="Close Browser" library="SeleniumLibrary" type="TEARDOWN">
<doc>Closes the current browser.</doc>
<status status="PASS" starttime="20220910 15:18:45.401" endtime="20220910 15:18:47.511"/>
</kw>
<status status="PASS" starttime="20220910 15:18:42.465" endtime="20220910 15:18:47.512"/>
</test>
<test id="s1-t5" name="Remind Password" line="74">
<kw name="Open login page">
<kw name="Open Browser" library="SeleniumLibrary">
<arg>${LOGIN URL}</arg>
<arg>${BROWSER}</arg>
<doc>Opens a new browser instance to the optional ``url``.</doc>
<msg timestamp="20220910 15:18:47.525" level="INFO">Opening browser 'Chrome' to base url 'https://scouts.futbolkolektyw.pl/en/'.</msg>
<status status="PASS" starttime="20220910 15:18:47.521" endtime="20220910 15:18:49.438"/>
</kw>
<kw name="Title Should Be" library="SeleniumLibrary">
<arg>Scouts panel - sign in</arg>
<doc>Verifies that the current page title equals ``title``.</doc>
<msg timestamp="20220910 15:18:49.443" level="INFO">Page title is 'Scouts panel - sign in'.</msg>
<status status="PASS" starttime="20220910 15:18:49.438" endtime="20220910 15:18:49.443"/>
</kw>
<status status="PASS" starttime="20220910 15:18:47.520" endtime="20220910 15:18:49.443"/>
</kw>
<kw name="Click on Remind password">
<kw name="Click Element" library="SeleniumLibrary">
<arg>${REMINDPASSWORDLINK}</arg>
<doc>Click the element identified by ``locator``.</doc>
<msg timestamp="20220910 15:18:49.444" level="INFO">Clicking element 'xpath=//a[contains(@class, 'MuiTypography-root')]'.</msg>
<status status="PASS" starttime="20220910 15:18:49.444" endtime="20220910 15:18:49.490"/>
</kw>
<kw name="Wait Until Element Is Visible" library="SeleniumLibrary">
<arg>${REMINDLOGO}</arg>
<doc>Waits until the element ``locator`` is visible.</doc>
<status status="PASS" starttime="20220910 15:18:49.490" endtime="20220910 15:18:49.530"/>
</kw>
<status status="PASS" starttime="20220910 15:18:49.444" endtime="20220910 15:18:49.531"/>
</kw>
<kw name="Type in email">
<kw name="Input Text" library="SeleniumLibrary">
<arg>${EMAILINPUT}</arg>
<arg>user07@getnada.com</arg>
<doc>Types the given ``text`` into the text field identified by ``locator``.</doc>
<msg timestamp="20220910 15:18:49.532" level="INFO">Typing text 'user07@getnada.com' into text field 'xpath=//*[@name='email']'.</msg>
<status status="PASS" starttime="20220910 15:18:49.531" endtime="20220910 15:18:49.673"/>
</kw>
<status status="PASS" starttime="20220910 15:18:49.531" endtime="20220910 15:18:49.673"/>
</kw>
<kw name="Click on the Send button">
<kw name="Click Element" library="SeleniumLibrary">
<arg>${SIGNINBUTTON}</arg>
<doc>Click the element identified by ``locator``.</doc>
<msg timestamp="20220910 15:18:49.674" level="INFO">Clicking element 'xpath=//*[@type='submit']/span[1]'.</msg>
<status status="PASS" starttime="20220910 15:18:49.674" endtime="20220910 15:18:49.723"/>
</kw>
<status status="PASS" starttime="20220910 15:18:49.673" endtime="20220910 15:18:49.723"/>
</kw>
<kw name="Click on Back to sign in">
<kw name="Click Element" library="SeleniumLibrary">
<arg>${BACKTOSIGNINLINK}</arg>
<doc>Click the element identified by ``locator``.</doc>
<msg timestamp="20220910 15:18:49.724" level="INFO">Clicking element 'xpath=//a[contains(@class, 'MuiTypography-root')]'.</msg>
<status status="PASS" starttime="20220910 15:18:49.724" endtime="20220910 15:18:49.775"/>
</kw>
<status status="PASS" starttime="20220910 15:18:49.724" endtime="20220910 15:18:49.775"/>
</kw>
<kw name="Assert Login page">
<kw name="Wait Until Element Is Visible" library="SeleniumLibrary">
<arg>${PAGELOGOLOGIN}</arg>
<doc>Waits until the element ``locator`` is visible.</doc>
<status status="PASS" starttime="20220910 15:18:49.776" endtime="20220910 15:18:49.801"/>
</kw>
<kw name="Title Should Be" library="SeleniumLibrary">
<arg>Scouts panel - sign in</arg>
<doc>Verifies that the current page title equals ``title``.</doc>
<msg timestamp="20220910 15:18:49.805" level="INFO">Page title is 'Scouts panel - sign in'.</msg>
<status status="PASS" starttime="20220910 15:18:49.801" endtime="20220910 15:18:49.806"/>
</kw>
<kw name="Capture Page Screenshot" library="SeleniumLibrary">
<arg>alert2.png</arg>
<doc>Takes a screenshot of the current page and embeds it into a log file.</doc>
<msg timestamp="20220910 15:18:49.919" level="INFO" html="true">&lt;/td&gt;&lt;/tr&gt;&lt;tr&gt;&lt;td colspan="3"&gt;&lt;a href="alert2.png"&gt;&lt;img src="alert2.png" width="800px"&gt;&lt;/a&gt;</msg>
<status status="PASS" starttime="20220910 15:18:49.806" endtime="20220910 15:18:49.919"/>
</kw>
<status status="PASS" starttime="20220910 15:18:49.776" endtime="20220910 15:18:49.919"/>
</kw>
<kw name="Close Browser" library="SeleniumLibrary" type="TEARDOWN">
<doc>Closes the current browser.</doc>
<status status="PASS" starttime="20220910 15:18:49.920" endtime="20220910 15:18:52.015"/>
</kw>
<status status="PASS" starttime="20220910 15:18:47.518" endtime="20220910 15:18:52.016"/>
</test>
<test id="s1-t6" name="Add New Player" line="83">
<kw name="Open login page">
<kw name="Open Browser" library="SeleniumLibrary">
<arg>${LOGIN URL}</arg>
<arg>${BROWSER}</arg>
<doc>Opens a new browser instance to the optional ``url``.</doc>
<msg timestamp="20220910 15:18:52.025" level="INFO">Opening browser 'Chrome' to base url 'https://scouts.futbolkolektyw.pl/en/'.</msg>
<status status="PASS" starttime="20220910 15:18:52.024" endtime="20220910 15:18:53.824"/>
</kw>
<kw name="Title Should Be" library="SeleniumLibrary">
<arg>Scouts panel - sign in</arg>
<doc>Verifies that the current page title equals ``title``.</doc>
<msg timestamp="20220910 15:18:53.830" level="INFO">Page title is 'Scouts panel - sign in'.</msg>
<status status="PASS" starttime="20220910 15:18:53.824" endtime="20220910 15:18:53.830"/>
</kw>
<status status="PASS" starttime="20220910 15:18:52.023" endtime="20220910 15:18:53.830"/>
</kw>
<kw name="Type in login">
<kw name="Input Text" library="SeleniumLibrary">
<arg>${LOGININPUT}</arg>
<arg>user07@getnada.com</arg>
<doc>Types the given ``text`` into the text field identified by ``locator``.</doc>
<msg timestamp="20220910 15:18:53.832" level="INFO">Typing text 'user07@getnada.com' into text field 'xpath=//*[@id='login']'.</msg>
<status status="PASS" starttime="20220910 15:18:53.831" endtime="20220910 15:18:54.001"/>
</kw>
<status status="PASS" starttime="20220910 15:18:53.831" endtime="20220910 15:18:54.001"/>
</kw>
<kw name="Type in password">
<kw name="Input Text" library="SeleniumLibrary">
<arg>${PASSWORDINPUT}</arg>
<arg>Test-1234</arg>
<doc>Types the given ``text`` into the text field identified by ``locator``.</doc>
<msg timestamp="20220910 15:18:54.003" level="INFO">Typing text 'Test-1234' into text field 'xpath=//*[@id='password']'.</msg>
<status status="PASS" starttime="20220910 15:18:54.002" endtime="20220910 15:18:54.114"/>
</kw>
<status status="PASS" starttime="20220910 15:18:54.002" endtime="20220910 15:18:54.114"/>
</kw>
<kw name="Click on the Send button">
<kw name="Click Element" library="SeleniumLibrary">
<arg>${SIGNINBUTTON}</arg>
<doc>Click the element identified by ``locator``.</doc>
<msg timestamp="20220910 15:18:54.115" level="INFO">Clicking element 'xpath=//*[@type='submit']/span[1]'.</msg>
<status status="PASS" starttime="20220910 15:18:54.115" endtime="20220910 15:18:54.163"/>
</kw>
<status status="PASS" starttime="20220910 15:18:54.114" endtime="20220910 15:18:54.164"/>
</kw>
<kw name="Click on Add Player">
<kw name="Wait Until Element Is Visible" library="SeleniumLibrary">
<arg>${ADDPLAYERLINK}</arg>
<doc>Waits until the element ``locator`` is visible.</doc>
<status status="PASS" starttime="20220910 15:18:54.164" endtime="20220910 15:18:55.290"/>
</kw>
<kw name="Click Element" library="SeleniumLibrary">
<arg>${ADDPLAYERLINK}</arg>
<doc>Click the element identified by ``locator``.</doc>
<msg timestamp="20220910 15:18:55.290" level="INFO">Clicking element 'xpath=(//div[contains(@class, 'MuiPaper-root')])[7]/div/a'.</msg>
<status status="PASS" starttime="20220910 15:18:55.290" endtime="20220910 15:18:55.338"/>
</kw>
<kw name="Wait Until Element Is Visible" library="SeleniumLibrary">
<arg>${ADDPLAYERLOGO}</arg>
<doc>Waits until the element ``locator`` is visible.</doc>
<status status="PASS" starttime="20220910 15:18:55.338" endtime="20220910 15:18:55.590"/>
</kw>
<status status="PASS" starttime="20220910 15:18:54.164" endtime="20220910 15:18:55.591"/>
</kw>
<kw name="Type in name">
<kw name="Input Text" library="SeleniumLibrary">
<arg>${PLAYERNAME}</arg>
<arg>David</arg>
<doc>Types the given ``text`` into the text field identified by ``locator``.</doc>
<msg timestamp="20220910 15:18:55.592" level="INFO">Typing text 'David' into text field 'xpath=//input[@name='name']'.</msg>
<status status="PASS" starttime="20220910 15:18:55.592" endtime="20220910 15:18:55.726"/>
</kw>
<status status="PASS" starttime="20220910 15:18:55.592" endtime="20220910 15:18:55.726"/>
</kw>
<kw name="Type in surname">
<kw name="Input Text" library="SeleniumLibrary">
<arg>${PLAYERSURNAME}</arg>
<arg>Beckham</arg>
<doc>Types the given ``text`` into the text field identified by ``locator``.</doc>
<msg timestamp="20220910 15:18:55.728" level="INFO">Typing text 'Beckham' into text field 'xpath=//input[@name='surname']'.</msg>
<status status="PASS" starttime="20220910 15:18:55.727" endtime="20220910 15:18:55.866"/>
</kw>
<status status="PASS" starttime="20220910 15:18:55.727" endtime="20220910 15:18:55.866"/>
</kw>
<kw name="Select age">
<kw name="Input Text" library="SeleniumLibrary">
<arg>${PLAYERAGE}</arg>
<arg>12/12/1972</arg>
<doc>Types the given ``text`` into the text field identified by ``locator``.</doc>
<msg timestamp="20220910 15:18:55.867" level="INFO">Typing text '12/12/1972' into text field 'xpath=//input[@name='age']'.</msg>
<status status="PASS" starttime="20220910 15:18:55.867" endtime="20220910 15:18:55.971"/>
</kw>
<status status="PASS" starttime="20220910 15:18:55.867" endtime="20220910 15:18:55.971"/>
</kw>
<kw name="Select left leg">
<kw name="Click Element" library="SeleniumLibrary">
<arg>${PLAYERLEG}</arg>
<doc>Click the element identified by ``locator``.</doc>
<msg timestamp="20220910 15:18:55.972" level="INFO">Clicking element 'xpath=//*[@id='mui-component-select-leg']'.</msg>
<status status="PASS" starttime="20220910 15:18:55.972" endtime="20220910 15:18:56.032"/>
</kw>
<kw name="Click Element" library="SeleniumLibrary">
<arg>${PLAYERLEFTLEG}</arg>
<doc>Click the element identified by ``locator``.</doc>
<msg timestamp="20220910 15:18:56.033" level="INFO">Clicking element 'xpath=//li[@data-value='left']'.</msg>
<status status="PASS" starttime="20220910 15:18:56.033" endtime="20220910 15:18:56.088"/>
</kw>
<status status="PASS" starttime="20220910 15:18:55.972" endtime="20220910 15:18:56.088"/>
</kw>
<kw name="Type in main position">
<kw name="Input Text" library="SeleniumLibrary">
<arg>${PLAYERMAINPOSITION}</arg>
<arg>captain</arg>
<doc>Types the given ``text`` into the text field identified by ``locator``.</doc>
<msg timestamp="20220910 15:18:56.090" level="INFO">Typing text 'captain' into text field 'xpath=//input[@name='mainPosition']'.</msg>
<status status="PASS" starttime="20220910 15:18:56.090" endtime="20220910 15:18:56.205"/>
</kw>
<status status="PASS" starttime="20220910 15:18:56.089" endtime="20220910 15:18:56.205"/>
</kw>
<kw name="Click on the Submit button">
<kw name="Click Element" library="SeleniumLibrary">
<arg>${SUBMITBUTTON}</arg>
<doc>Click the element identified by ``locator``.</doc>
<msg timestamp="20220910 15:18:56.206" level="INFO">Clicking element 'xpath=//button[@type='submit']/span[1]'.</msg>
<status status="PASS" starttime="20220910 15:18:56.206" endtime="20220910 15:18:56.366"/>
</kw>
<status status="PASS" starttime="20220910 15:18:56.206" endtime="20220910 15:18:56.366"/>
</kw>
<kw name="Assert new player in menu">
<kw name="Wait Until Element Is Visible" library="SeleniumLibrary">
<arg>${PLAYERNAMEINMENU}</arg>
<doc>Waits until the element ``locator`` is visible.</doc>
<msg timestamp="20220910 15:19:01.594" level="INFO" html="true">&lt;/td&gt;&lt;/tr&gt;&lt;tr&gt;&lt;td colspan="3"&gt;&lt;a href="selenium-screenshot-3.png"&gt;&lt;img src="selenium-screenshot-3.png" width="800px"&gt;&lt;/a&gt;</msg>
<msg timestamp="20220910 15:19:01.594" level="FAIL">Element 'xpath=//ul[2]/div[1]/div/span[contains(text(),'David Beckham')]' not visible after 5 seconds.</msg>
<status status="FAIL" starttime="20220910 15:18:56.367" endtime="20220910 15:19:01.594"/>
</kw>
<kw name="Element Text Should Be" library="SeleniumLibrary">
<arg>${PLAYERNAMEINMENU}</arg>
<arg>David Beckham</arg>
<doc>Verifies that element ``locator`` contains exact the text ``expected``.</doc>
<status status="NOT RUN" starttime="20220910 15:19:01.595" endtime="20220910 15:19:01.595"/>
</kw>
<kw name="Capture Page Screenshot" library="SeleniumLibrary">
<arg>alert5.png</arg>
<doc>Takes a screenshot of the current page and embeds it into a log file.</doc>
<status status="NOT RUN" starttime="20220910 15:19:01.595" endtime="20220910 15:19:01.595"/>
</kw>
<status status="FAIL" starttime="20220910 15:18:56.367" endtime="20220910 15:19:01.595"/>
</kw>
<kw name="Close Browser" library="SeleniumLibrary" type="TEARDOWN">
<doc>Closes the current browser.</doc>
<status status="PASS" starttime="20220910 15:19:01.596" endtime="20220910 15:19:03.729"/>
</kw>
<status status="FAIL" starttime="20220910 15:18:52.021" endtime="20220910 15:19:03.731">Element 'xpath=//ul[2]/div[1]/div/span[contains(text(),'David Beckham')]' not visible after 5 seconds.</status>
</test>
<doc>Suite description #automated tests for scout website</doc>
<status status="FAIL" starttime="20220910 15:18:22.336" endtime="20220910 15:19:03.738"/>
</suite>
<statistics>
<total>
<stat pass="3" fail="3" skip="0">All Tests</stat>
</total>
<tag>
</tag>
<suite>
<stat pass="3" fail="3" skip="0" id="s1" name="Test Login Rf">Test Login Rf</stat>
</suite>
</statistics>
<errors>
</errors>
</robot>
