<?xml version="1.0" encoding="UTF-8"?>
<robot generator="Robot 5.0.1 (Python 3.8.3 on win32)" generated="20220910 15:13:11.496" rpa="false" schemaversion="3">
<suite id="s1" name="Test Login Rf" source="C:\Users\vtelt\OneDrive\Documents\GitHub\vtelt_robotframework\vtelt_robotframework\test_login_rf.robot">
<kw name="Setup chromedriver" type="SETUP">
<kw name="Set Environment Variable" library="OperatingSystem">
<arg>webdriver.chrome.driver</arg>
<arg>${EXECDIR}/chromedriver.exe</arg>
<doc>Sets an environment variable to a specified value.</doc>
<msg timestamp="20220910 15:13:11.748" level="INFO">Environment variable 'webdriver.chrome.driver' set to value 'C:\Users\vtelt\OneDrive\Documents\GitHub\vtelt_robotframework\vtelt_robotframework/chromedriver.exe'.</msg>
<status status="PASS" starttime="20220910 15:13:11.748" endtime="20220910 15:13:11.748"/>
</kw>
<status status="PASS" starttime="20220910 15:13:11.747" endtime="20220910 15:13:11.748"/>
</kw>
<test id="s1-t1" name="Login to the system" line="38">
<kw name="Open login page">
<kw name="Open Browser" library="SeleniumLibrary">
<arg>${LOGIN URL}</arg>
<arg>${BROWSER}</arg>
<doc>Opens a new browser instance to the optional ``url``.</doc>
<msg timestamp="20220910 15:13:11.750" level="INFO">Opening browser 'Chrome' to base url 'https://scouts.futbolkolektyw.pl/en/'.</msg>
<status status="PASS" starttime="20220910 15:13:11.749" endtime="20220910 15:13:13.637"/>
</kw>
<kw name="Title Should Be" library="SeleniumLibrary">
<arg>Scouts panel - sign in</arg>
<doc>Verifies that the current page title equals ``title``.</doc>
<msg timestamp="20220910 15:13:13.642" level="INFO">Page title is 'Scouts panel - sign in'.</msg>
<status status="PASS" starttime="20220910 15:13:13.637" endtime="20220910 15:13:13.642"/>
</kw>
<status status="PASS" starttime="20220910 15:13:11.749" endtime="20220910 15:13:13.643"/>
</kw>
<kw name="Type in login">
<kw name="Input Text" library="SeleniumLibrary">
<arg>${LOGININPUT}</arg>
<arg>user07@getnada.com</arg>
<doc>Types the given ``text`` into the text field identified by ``locator``.</doc>
<msg timestamp="20220910 15:13:13.644" level="INFO">Typing text 'user07@getnada.com' into text field 'xpath=//*[@id='login']'.</msg>
<status status="PASS" starttime="20220910 15:13:13.643" endtime="20220910 15:13:13.808"/>
</kw>
<status status="PASS" starttime="20220910 15:13:13.643" endtime="20220910 15:13:13.808"/>
</kw>
<kw name="Type in password">
<kw name="Input Text" library="SeleniumLibrary">
<arg>${PASSWORDINPUT}</arg>
<arg>Test-1234</arg>
<doc>Types the given ``text`` into the text field identified by ``locator``.</doc>
<msg timestamp="20220910 15:13:13.809" level="INFO">Typing text 'Test-1234' into text field 'xpath=//*[@id='password']'.</msg>
<status status="PASS" starttime="20220910 15:13:13.809" endtime="20220910 15:13:13.932"/>
</kw>
<status status="PASS" starttime="20220910 15:13:13.809" endtime="20220910 15:13:13.932"/>
</kw>
<kw name="Click on the Send button">
<kw name="Click Element" library="SeleniumLibrary">
<arg>${SIGNINBUTTON}</arg>
<doc>Click the element identified by ``locator``.</doc>
<msg timestamp="20220910 15:13:13.934" level="INFO">Clicking element 'xpath=//*[@type='submit']/span[1]'.</msg>
<status status="PASS" starttime="20220910 15:13:13.934" endtime="20220910 15:13:13.988"/>
</kw>
<status status="PASS" starttime="20220910 15:13:13.933" endtime="20220910 15:13:13.988"/>
</kw>
<kw name="Assert Dashboard">
<kw name="Wait Until Element Is Visible" library="SeleniumLibrary">
<arg>${PAGELOGODASHBOARD}</arg>
<doc>Waits until the element ``locator`` is visible.</doc>
<status status="PASS" starttime="20220910 15:13:13.988" endtime="20220910 15:13:15.338"/>
</kw>
<kw name="Title Should Be" library="SeleniumLibrary">
<arg>Scouts panel</arg>
<doc>Verifies that the current page title equals ``title``.</doc>
<msg timestamp="20220910 15:13:15.462" level="INFO" html="true">&lt;/td&gt;&lt;/tr&gt;&lt;tr&gt;&lt;td colspan="3"&gt;&lt;a href="selenium-screenshot-1.png"&gt;&lt;img src="selenium-screenshot-1.png" width="800px"&gt;&lt;/a&gt;</msg>
<msg timestamp="20220910 15:13:15.463" level="FAIL">Title should have been 'Scouts panel' but was 'PANEL SKAUTINGOWY'.</msg>
<status status="FAIL" starttime="20220910 15:13:15.339" endtime="20220910 15:13:15.464"/>
</kw>
<kw name="Capture Page Screenshot" library="SeleniumLibrary">
<arg>alert.png</arg>
<doc>Takes a screenshot of the current page and embeds it into a log file.</doc>
<status status="NOT RUN" starttime="20220910 15:13:15.465" endtime="20220910 15:13:15.465"/>
</kw>
<status status="FAIL" starttime="20220910 15:13:13.988" endtime="20220910 15:13:15.465"/>
</kw>
<kw name="Close Browser" library="SeleniumLibrary" type="TEARDOWN">
<doc>Closes the current browser.</doc>
<status status="PASS" starttime="20220910 15:13:15.466" endtime="20220910 15:13:17.577"/>
</kw>
<status status="FAIL" starttime="20220910 15:13:11.748" endtime="20220910 15:13:17.578">Title should have been 'Scouts panel' but was 'PANEL SKAUTINGOWY'.</status>
</test>
<test id="s1-t2" name="Login out of the system" line="46">
<kw name="Open login page">
<kw name="Open Browser" library="SeleniumLibrary">
<arg>${LOGIN URL}</arg>
<arg>${BROWSER}</arg>
<doc>Opens a new browser instance to the optional ``url``.</doc>
<msg timestamp="20220910 15:13:17.581" level="INFO">Opening browser 'Chrome' to base url 'https://scouts.futbolkolektyw.pl/en/'.</msg>
<status status="PASS" starttime="20220910 15:13:17.581" endtime="20220910 15:13:19.279"/>
</kw>
<kw name="Title Should Be" library="SeleniumLibrary">
<arg>Scouts panel - sign in</arg>
<doc>Verifies that the current page title equals ``title``.</doc>
<msg timestamp="20220910 15:13:19.283" level="INFO">Page title is 'Scouts panel - sign in'.</msg>
<status status="PASS" starttime="20220910 15:13:19.279" endtime="20220910 15:13:19.283"/>
</kw>
<status status="PASS" starttime="20220910 15:13:17.581" endtime="20220910 15:13:19.284"/>
</kw>
<kw name="Type in login">
<kw name="Input Text" library="SeleniumLibrary">
<arg>${LOGININPUT}</arg>
<arg>user07@getnada.com</arg>
<doc>Types the given ``text`` into the text field identified by ``locator``.</doc>
<msg timestamp="20220910 15:13:19.285" level="INFO">Typing text 'user07@getnada.com' into text field 'xpath=//*[@id='login']'.</msg>
<status status="PASS" starttime="20220910 15:13:19.284" endtime="20220910 15:13:19.488"/>
</kw>
<status status="PASS" starttime="20220910 15:13:19.284" endtime="20220910 15:13:19.488"/>
</kw>
<kw name="Type in password">
<kw name="Input Text" library="SeleniumLibrary">
<arg>${PASSWORDINPUT}</arg>
<arg>Test-1234</arg>
<doc>Types the given ``text`` into the text field identified by ``locator``.</doc>
<msg timestamp="20220910 15:13:19.489" level="INFO">Typing text 'Test-1234' into text field 'xpath=//*[@id='password']'.</msg>
<status status="PASS" starttime="20220910 15:13:19.489" endtime="20220910 15:13:19.604"/>
</kw>
<status status="PASS" starttime="20220910 15:13:19.489" endtime="20220910 15:13:19.604"/>
</kw>
<kw name="Click on the Send button">
<kw name="Click Element" library="SeleniumLibrary">
<arg>${SIGNINBUTTON}</arg>
<doc>Click the element identified by ``locator``.</doc>
<msg timestamp="20220910 15:13:19.606" level="INFO">Clicking element 'xpath=//*[@type='submit']/span[1]'.</msg>
<status status="PASS" starttime="20220910 15:13:19.605" endtime="20220910 15:13:19.652"/>
</kw>
<status status="PASS" starttime="20220910 15:13:19.605" endtime="20220910 15:13:19.652"/>
</kw>
<kw name="Assert Dashboard">
<kw name="Wait Until Element Is Visible" library="SeleniumLibrary">
<arg>${PAGELOGODASHBOARD}</arg>
<doc>Waits until the element ``locator`` is visible.</doc>
<status status="PASS" starttime="20220910 15:13:19.653" endtime="20220910 15:13:20.580"/>
</kw>
<kw name="Title Should Be" library="SeleniumLibrary">
<arg>Scouts panel</arg>
<doc>Verifies that the current page title equals ``title``.</doc>
<msg timestamp="20220910 15:13:20.708" level="INFO" html="true">&lt;/td&gt;&lt;/tr&gt;&lt;tr&gt;&lt;td colspan="3"&gt;&lt;a href="selenium-screenshot-2.png"&gt;&lt;img src="selenium-screenshot-2.png" width="800px"&gt;&lt;/a&gt;</msg>
<msg timestamp="20220910 15:13:20.708" level="FAIL">Title should have been 'Scouts panel' but was 'PANEL SKAUTINGOWY'.</msg>
<status status="FAIL" starttime="20220910 15:13:20.581" endtime="20220910 15:13:20.709"/>
</kw>
<kw name="Capture Page Screenshot" library="SeleniumLibrary">
<arg>alert.png</arg>
<doc>Takes a screenshot of the current page and embeds it into a log file.</doc>
<status status="NOT RUN" starttime="20220910 15:13:20.709" endtime="20220910 15:13:20.709"/>
</kw>
<status status="FAIL" starttime="20220910 15:13:19.653" endtime="20220910 15:13:20.709"/>
</kw>
<kw name="Click on Sign out button">
<status status="NOT RUN" starttime="20220910 15:13:20.710" endtime="20220910 15:13:20.710"/>
</kw>
<kw name="Assert Login page">
<status status="NOT RUN" starttime="20220910 15:13:20.711" endtime="20220910 15:13:20.711"/>
</kw>
<kw name="Close Browser" library="SeleniumLibrary" type="TEARDOWN">
<doc>Closes the current browser.</doc>
<status status="PASS" starttime="20220910 15:13:20.711" endtime="20220910 15:13:22.828"/>
</kw>
<status status="FAIL" starttime="20220910 15:13:17.580" endtime="20220910 15:13:22.830">Title should have been 'Scouts panel' but was 'PANEL SKAUTINGOWY'.</status>
</test>
<test id="s1-t3" name="Incorrect Login" line="56">
<kw name="Open login page">
<kw name="Open Browser" library="SeleniumLibrary">
<arg>${LOGIN URL}</arg>
<arg>${BROWSER}</arg>
<doc>Opens a new browser instance to the optional ``url``.</doc>
<msg timestamp="20220910 15:13:22.840" level="INFO">Opening browser 'Chrome' to base url 'https://scouts.futbolkolektyw.pl/en/'.</msg>
<status status="PASS" starttime="20220910 15:13:22.839" endtime="20220910 15:13:24.719"/>
</kw>
<kw name="Title Should Be" library="SeleniumLibrary">
<arg>Scouts panel - sign in</arg>
<doc>Verifies that the current page title equals ``title``.</doc>
<msg timestamp="20220910 15:13:24.725" level="INFO">Page title is 'Scouts panel - sign in'.</msg>
<status status="PASS" starttime="20220910 15:13:24.719" endtime="20220910 15:13:24.725"/>
</kw>
<status status="PASS" starttime="20220910 15:13:22.838" endtime="20220910 15:13:24.725"/>
</kw>
<kw name="Type incorrect login">
<kw name="Input Text" library="SeleniumLibrary">
<arg>${LOGININPUT}</arg>
<arg>test</arg>
<doc>Types the given ``text`` into the text field identified by ``locator``.</doc>
<msg timestamp="20220910 15:13:24.728" level="INFO">Typing text 'test' into text field 'xpath=//*[@id='login']'.</msg>
<status status="PASS" starttime="20220910 15:13:24.726" endtime="20220910 15:13:24.834"/>
</kw>
<status status="PASS" starttime="20220910 15:13:24.725" endtime="20220910 15:13:24.834"/>
</kw>
<kw name="Type in password">
<kw name="Input Text" library="SeleniumLibrary">
<arg>${PASSWORDINPUT}</arg>
<arg>Test-1234</arg>
<doc>Types the given ``text`` into the text field identified by ``locator``.</doc>
<msg timestamp="20220910 15:13:24.836" level="INFO">Typing text 'Test-1234' into text field 'xpath=//*[@id='password']'.</msg>
<status status="PASS" starttime="20220910 15:13:24.835" endtime="20220910 15:13:24.946"/>
</kw>
<status status="PASS" starttime="20220910 15:13:24.835" endtime="20220910 15:13:24.946"/>
</kw>
<kw name="Click on the Send button">
<kw name="Click Element" library="SeleniumLibrary">
<arg>${SIGNINBUTTON}</arg>
<doc>Click the element identified by ``locator``.</doc>
<msg timestamp="20220910 15:13:24.947" level="INFO">Clicking element 'xpath=//*[@type='submit']/span[1]'.</msg>
<status status="PASS" starttime="20220910 15:13:24.947" endtime="20220910 15:13:24.996"/>
</kw>
<status status="PASS" starttime="20220910 15:13:24.947" endtime="20220910 15:13:24.996"/>
</kw>
<kw name="Assert Login page">
<kw name="Wait Until Element Is Visible" library="SeleniumLibrary">
<arg>${PAGELOGOLOGIN}</arg>
<doc>Waits until the element ``locator`` is visible.</doc>
<status status="PASS" starttime="20220910 15:13:24.997" endtime="20220910 15:13:25.020"/>
</kw>
<kw name="Title Should Be" library="SeleniumLibrary">
<arg>Scouts panel - sign in</arg>
<doc>Verifies that the current page title equals ``title``.</doc>
<msg timestamp="20220910 15:13:25.025" level="INFO">Page title is 'Scouts panel - sign in'.</msg>
<status status="PASS" starttime="20220910 15:13:25.020" endtime="20220910 15:13:25.025"/>
</kw>
<kw name="Capture Page Screenshot" library="SeleniumLibrary">
<arg>alert2.png</arg>
<doc>Takes a screenshot of the current page and embeds it into a log file.</doc>
<msg timestamp="20220910 15:13:25.277" level="INFO" html="true">&lt;/td&gt;&lt;/tr&gt;&lt;tr&gt;&lt;td colspan="3"&gt;&lt;a href="alert2.png"&gt;&lt;img src="alert2.png" width="800px"&gt;&lt;/a&gt;</msg>
<status status="PASS" starttime="20220910 15:13:25.025" endtime="20220910 15:13:25.277"/>
</kw>
<status status="PASS" starttime="20220910 15:13:24.997" endtime="20220910 15:13:25.277"/>
</kw>
<kw name="Assert incorrect login message">
<kw name="Wait Until Element Is Visible" library="SeleniumLibrary">
<arg>${INCORRECTLOGINDATAMESSAGE}</arg>
<doc>Waits until the element ``locator`` is visible.</doc>
<status status="PASS" starttime="20220910 15:13:25.279" endtime="20220910 15:13:25.303"/>
</kw>
<kw name="Element Text Should Be" library="SeleniumLibrary">
<arg>${INCORRECTLOGINDATAMESSAGE}</arg>
<arg>Identifier or password invalid.</arg>
<doc>Verifies that element ``locator`` contains exact the text ``expected``.</doc>
<msg timestamp="20220910 15:13:25.303" level="INFO">Verifying element 'xpath=//span[contains(@class, 'MuiTypography-root')]' contains exact text 'Identifier or password invalid.'.</msg>
<status status="PASS" starttime="20220910 15:13:25.303" endtime="20220910 15:13:25.324"/>
</kw>
<kw name="Capture Page Screenshot" library="SeleniumLibrary">
<arg>alert3.png</arg>
<doc>Takes a screenshot of the current page and embeds it into a log file.</doc>
<msg timestamp="20220910 15:13:25.533" level="INFO" html="true">&lt;/td&gt;&lt;/tr&gt;&lt;tr&gt;&lt;td colspan="3"&gt;&lt;a href="alert3.png"&gt;&lt;img src="alert3.png" width="800px"&gt;&lt;/a&gt;</msg>
<status status="PASS" starttime="20220910 15:13:25.324" endtime="20220910 15:13:25.533"/>
</kw>
<status status="PASS" starttime="20220910 15:13:25.278" endtime="20220910 15:13:25.533"/>
</kw>
<kw name="Close Browser" library="SeleniumLibrary" type="TEARDOWN">
<doc>Closes the current browser.</doc>
<status status="PASS" starttime="20220910 15:13:25.534" endtime="20220910 15:13:27.655"/>
</kw>
<status status="PASS" starttime="20220910 15:13:22.836" endtime="20220910 15:13:27.656"/>
</test>
<test id="s1-t4" name="Empty Password" line="65">
<kw name="Open login page">
<kw name="Open Browser" library="SeleniumLibrary">
<arg>${LOGIN URL}</arg>
<arg>${BROWSER}</arg>
<doc>Opens a new browser instance to the optional ``url``.</doc>
<msg timestamp="20220910 15:13:27.659" level="INFO">Opening browser 'Chrome' to base url 'https://scouts.futbolkolektyw.pl/en/'.</msg>
<status status="PASS" starttime="20220910 15:13:27.659" endtime="20220910 15:13:34.182"/>
</kw>
<kw name="Title Should Be" library="SeleniumLibrary">
<arg>Scouts panel - sign in</arg>
<doc>Verifies that the current page title equals ``title``.</doc>
<msg timestamp="20220910 15:13:34.187" level="INFO">Page title is 'Scouts panel - sign in'.</msg>
<status status="PASS" starttime="20220910 15:13:34.182" endtime="20220910 15:13:34.187"/>
</kw>
<status status="PASS" starttime="20220910 15:13:27.658" endtime="20220910 15:13:34.187"/>
</kw>
<kw name="Type in login">
<kw name="Input Text" library="SeleniumLibrary">
<arg>${LOGININPUT}</arg>
<arg>user07@getnada.com</arg>
<doc>Types the given ``text`` into the text field identified by ``locator``.</doc>
<msg timestamp="20220910 15:13:34.188" level="INFO">Typing text 'user07@getnada.com' into text field 'xpath=//*[@id='login']'.</msg>
<status status="PASS" starttime="20220910 15:13:34.188" endtime="20220910 15:13:34.346"/>
</kw>
<status status="PASS" starttime="20220910 15:13:34.188" endtime="20220910 15:13:34.347"/>
</kw>
<kw name="Type empty password">
<kw name="Input Text" library="SeleniumLibrary">
<arg>${PASSWORDINPUT}</arg>
<arg>${EMPTY}</arg>
<doc>Types the given ``text`` into the text field identified by ``locator``.</doc>
<msg timestamp="20220910 15:13:34.348" level="INFO">Typing text '' into text field 'xpath=//*[@id='password']'.</msg>
<status status="PASS" starttime="20220910 15:13:34.347" endtime="20220910 15:13:34.427"/>
</kw>
<status status="PASS" starttime="20220910 15:13:34.347" endtime="20220910 15:13:34.427"/>
</kw>
<kw name="Click on the Send button">
<kw name="Click Element" library="SeleniumLibrary">
<arg>${SIGNINBUTTON}</arg>
<doc>Click the element identified by ``locator``.</doc>
<msg timestamp="20220910 15:13:34.428" level="INFO">Clicking element 'xpath=//*[@type='submit']/span[1]'.</msg>
<status status="PASS" starttime="20220910 15:13:34.428" endtime="20220910 15:13:34.478"/>
</kw>
<status status="PASS" starttime="20220910 15:13:34.428" endtime="20220910 15:13:34.479"/>
</kw>
<kw name="Assert Login page">
<kw name="Wait Until Element Is Visible" library="SeleniumLibrary">
<arg>${PAGELOGOLOGIN}</arg>
<doc>Waits until the element ``locator`` is visible.</doc>
<status status="PASS" starttime="20220910 15:13:34.480" endtime="20220910 15:13:34.504"/>
</kw>
<kw name="Title Should Be" library="SeleniumLibrary">
<arg>Scouts panel - sign in</arg>
<doc>Verifies that the current page title equals ``title``.</doc>
<msg timestamp="20220910 15:13:34.511" level="INFO">Page title is 'Scouts panel - sign in'.</msg>
<status status="PASS" starttime="20220910 15:13:34.504" endtime="20220910 15:13:34.511"/>
</kw>
<kw name="Capture Page Screenshot" library="SeleniumLibrary">
<arg>alert2.png</arg>
<doc>Takes a screenshot of the current page and embeds it into a log file.</doc>
<msg timestamp="20220910 15:13:34.749" level="INFO" html="true">&lt;/td&gt;&lt;/tr&gt;&lt;tr&gt;&lt;td colspan="3"&gt;&lt;a href="alert2.png"&gt;&lt;img src="alert2.png" width="800px"&gt;&lt;/a&gt;</msg>
<status status="PASS" starttime="20220910 15:13:34.511" endtime="20220910 15:13:34.749"/>
</kw>
<status status="PASS" starttime="20220910 15:13:34.479" endtime="20220910 15:13:34.749"/>
</kw>
<kw name="Assert empty password message">
<kw name="Wait Until Element Is Visible" library="SeleniumLibrary">
<arg>${INCORRECTLOGINDATAMESSAGE}</arg>
<doc>Waits until the element ``locator`` is visible.</doc>
<status status="PASS" starttime="20220910 15:13:34.750" endtime="20220910 15:13:35.442"/>
</kw>
<kw name="Element Text Should Be" library="SeleniumLibrary">
<arg>${INCORRECTLOGINDATAMESSAGE}</arg>
<arg>Please provide your password.</arg>
<doc>Verifies that element ``locator`` contains exact the text ``expected``.</doc>
<msg timestamp="20220910 15:13:35.443" level="INFO">Verifying element 'xpath=//span[contains(@class, 'MuiTypography-root')]' contains exact text 'Please provide your password.'.</msg>
<status status="PASS" starttime="20220910 15:13:35.442" endtime="20220910 15:13:35.463"/>
</kw>
<kw name="Capture Page Screenshot" library="SeleniumLibrary">
<arg>alert4.png</arg>
<doc>Takes a screenshot of the current page and embeds it into a log file.</doc>
<msg timestamp="20220910 15:13:35.613" level="INFO" html="true">&lt;/td&gt;&lt;/tr&gt;&lt;tr&gt;&lt;td colspan="3"&gt;&lt;a href="alert4.png"&gt;&lt;img src="alert4.png" width="800px"&gt;&lt;/a&gt;</msg>
<status status="PASS" starttime="20220910 15:13:35.464" endtime="20220910 15:13:35.613"/>
</kw>
<status status="PASS" starttime="20220910 15:13:34.750" endtime="20220910 15:13:35.613"/>
</kw>
<kw name="Close Browser" library="SeleniumLibrary" type="TEARDOWN">
<doc>Closes the current browser.</doc>
<status status="PASS" starttime="20220910 15:13:35.614" endtime="20220910 15:13:37.726"/>
</kw>
<status status="PASS" starttime="20220910 15:13:27.658" endtime="20220910 15:13:37.727"/>
</test>
<test id="s1-t5" name="Remind Password" line="74">
<kw name="Open login page">
<kw name="Open Browser" library="SeleniumLibrary">
<arg>${LOGIN URL}</arg>
<arg>${BROWSER}</arg>
<doc>Opens a new browser instance to the optional ``url``.</doc>
<msg timestamp="20220910 15:13:37.730" level="INFO">Opening browser 'Chrome' to base url 'https://scouts.futbolkolektyw.pl/en/'.</msg>
<status status="PASS" starttime="20220910 15:13:37.730" endtime="20220910 15:13:40.873"/>
</kw>
<kw name="Title Should Be" library="SeleniumLibrary">
<arg>Scouts panel - sign in</arg>
<doc>Verifies that the current page title equals ``title``.</doc>
<msg timestamp="20220910 15:13:40.878" level="INFO">Page title is 'Scouts panel - sign in'.</msg>
<status status="PASS" starttime="20220910 15:13:40.873" endtime="20220910 15:13:40.878"/>
</kw>
<status status="PASS" starttime="20220910 15:13:37.729" endtime="20220910 15:13:40.878"/>
</kw>
<kw name="Click on Remind password">
<kw name="Click Element" library="SeleniumLibrary">
<arg>${REMINDPASSWORDLINK}</arg>
<doc>Click the element identified by ``locator``.</doc>
<msg timestamp="20220910 15:13:40.880" level="INFO">Clicking element 'xpath=//a[contains(@class, 'MuiTypography-root')]'.</msg>
<status status="PASS" starttime="20220910 15:13:40.879" endtime="20220910 15:13:40.931"/>
</kw>
<kw name="Wait Until Element Is Visible" library="SeleniumLibrary">
<arg>${REMINDLOGO}</arg>
<doc>Waits until the element ``locator`` is visible.</doc>
<status status="PASS" starttime="20220910 15:13:40.931" endtime="20220910 15:13:40.966"/>
</kw>
<status status="PASS" starttime="20220910 15:13:40.879" endtime="20220910 15:13:40.966"/>
</kw>
<kw name="Type in email">
<kw name="Input Text" library="SeleniumLibrary">
<arg>${EMAILINPUT}</arg>
<arg>user07@getnada.com</arg>
<doc>Types the given ``text`` into the text field identified by ``locator``.</doc>
<msg timestamp="20220910 15:13:40.968" level="INFO">Typing text 'user07@getnada.com' into text field 'xpath=//*[@name='email']'.</msg>
<status status="PASS" starttime="20220910 15:13:40.968" endtime="20220910 15:13:41.121"/>
</kw>
<status status="PASS" starttime="20220910 15:13:40.967" endtime="20220910 15:13:41.121"/>
</kw>
<kw name="Click on the Send button">
<kw name="Click Element" library="SeleniumLibrary">
<arg>${SIGNINBUTTON}</arg>
<doc>Click the element identified by ``locator``.</doc>
<msg timestamp="20220910 15:13:41.122" level="INFO">Clicking element 'xpath=//*[@type='submit']/span[1]'.</msg>
<status status="PASS" starttime="20220910 15:13:41.122" endtime="20220910 15:13:41.173"/>
</kw>
<status status="PASS" starttime="20220910 15:13:41.122" endtime="20220910 15:13:41.173"/>
</kw>
<kw name="Click on Back to sign in">
<kw name="Click Element" library="SeleniumLibrary">
<arg>${BACKTOSIGNINLINK}</arg>
<doc>Click the element identified by ``locator``.</doc>
<msg timestamp="20220910 15:13:41.174" level="INFO">Clicking element 'xpath=//a[contains(@class, 'MuiTypography-root')]'.</msg>
<status status="PASS" starttime="20220910 15:13:41.174" endtime="20220910 15:13:41.225"/>
</kw>
<status status="PASS" starttime="20220910 15:13:41.174" endtime="20220910 15:13:41.225"/>
</kw>
<kw name="Assert Login page">
<kw name="Wait Until Element Is Visible" library="SeleniumLibrary">
<arg>${PAGELOGOLOGIN}</arg>
<doc>Waits until the element ``locator`` is visible.</doc>
<status status="PASS" starttime="20220910 15:13:41.227" endtime="20220910 15:13:41.252"/>
</kw>
<kw name="Title Should Be" library="SeleniumLibrary">
<arg>Scouts panel - sign in</arg>
<doc>Verifies that the current page title equals ``title``.</doc>
<msg timestamp="20220910 15:13:41.257" level="INFO">Page title is 'Scouts panel - sign in'.</msg>
<status status="PASS" starttime="20220910 15:13:41.252" endtime="20220910 15:13:41.257"/>
</kw>
<kw name="Capture Page Screenshot" library="SeleniumLibrary">
<arg>alert2.png</arg>
<doc>Takes a screenshot of the current page and embeds it into a log file.</doc>
<msg timestamp="20220910 15:13:41.385" level="INFO" html="true">&lt;/td&gt;&lt;/tr&gt;&lt;tr&gt;&lt;td colspan="3"&gt;&lt;a href="alert2.png"&gt;&lt;img src="alert2.png" width="800px"&gt;&lt;/a&gt;</msg>
<status status="PASS" starttime="20220910 15:13:41.257" endtime="20220910 15:13:41.385"/>
</kw>
<status status="PASS" starttime="20220910 15:13:41.226" endtime="20220910 15:13:41.385"/>
</kw>
<kw name="Close Browser" library="SeleniumLibrary" type="TEARDOWN">
<doc>Closes the current browser.</doc>
<status status="PASS" starttime="20220910 15:13:41.386" endtime="20220910 15:13:43.498"/>
</kw>
<status status="PASS" starttime="20220910 15:13:37.729" endtime="20220910 15:13:43.499"/>
</test>
<test id="s1-t6" name="Add New Player" line="83">
<kw name="Open login page">
<kw name="Open Browser" library="SeleniumLibrary">
<arg>${LOGIN URL}</arg>
<arg>${BROWSER}</arg>
<doc>Opens a new browser instance to the optional ``url``.</doc>
<msg timestamp="20220910 15:13:43.506" level="INFO">Opening browser 'Chrome' to base url 'https://scouts.futbolkolektyw.pl/en/'.</msg>
<status status="PASS" starttime="20220910 15:13:43.505" endtime="20220910 15:13:45.356"/>
</kw>
<kw name="Title Should Be" library="SeleniumLibrary">
<arg>Scouts panel - sign in</arg>
<doc>Verifies that the current page title equals ``title``.</doc>
<msg timestamp="20220910 15:13:45.361" level="INFO">Page title is 'Scouts panel - sign in'.</msg>
<status status="PASS" starttime="20220910 15:13:45.356" endtime="20220910 15:13:45.362"/>
</kw>
<status status="PASS" starttime="20220910 15:13:43.504" endtime="20220910 15:13:45.362"/>
</kw>
<kw name="Type in login">
<kw name="Input Text" library="SeleniumLibrary">
<arg>${LOGININPUT}</arg>
<arg>user07@getnada.com</arg>
<doc>Types the given ``text`` into the text field identified by ``locator``.</doc>
<msg timestamp="20220910 15:13:45.363" level="INFO">Typing text 'user07@getnada.com' into text field 'xpath=//*[@id='login']'.</msg>
<status status="PASS" starttime="20220910 15:13:45.363" endtime="20220910 15:13:45.527"/>
</kw>
<status status="PASS" starttime="20220910 15:13:45.362" endtime="20220910 15:13:45.527"/>
</kw>
<kw name="Type in password">
<kw name="Input Text" library="SeleniumLibrary">
<arg>${PASSWORDINPUT}</arg>
<arg>Test-1234</arg>
<doc>Types the given ``text`` into the text field identified by ``locator``.</doc>
<msg timestamp="20220910 15:13:45.528" level="INFO">Typing text 'Test-1234' into text field 'xpath=//*[@id='password']'.</msg>
<status status="PASS" starttime="20220910 15:13:45.528" endtime="20220910 15:13:45.642"/>
</kw>
<status status="PASS" starttime="20220910 15:13:45.528" endtime="20220910 15:13:45.642"/>
</kw>
<kw name="Click on the Send button">
<kw name="Click Element" library="SeleniumLibrary">
<arg>${SIGNINBUTTON}</arg>
<doc>Click the element identified by ``locator``.</doc>
<msg timestamp="20220910 15:13:45.644" level="INFO">Clicking element 'xpath=//*[@type='submit']/span[1]'.</msg>
<status status="PASS" starttime="20220910 15:13:45.643" endtime="20220910 15:13:45.691"/>
</kw>
<status status="PASS" starttime="20220910 15:13:45.643" endtime="20220910 15:13:45.691"/>
</kw>
<kw name="Click on Add Player">
<kw name="Wait Until Element Is Visible" library="SeleniumLibrary">
<arg>${ADDPLAYERLINK}</arg>
<doc>Waits until the element ``locator`` is visible.</doc>
<status status="PASS" starttime="20220910 15:13:45.692" endtime="20220910 15:13:47.112"/>
</kw>
<kw name="Click Element" library="SeleniumLibrary">
<arg>${ADDPLAYERLINK}</arg>
<doc>Click the element identified by ``locator``.</doc>
<msg timestamp="20220910 15:13:47.113" level="INFO">Clicking element 'xpath=(//div[contains(@class, 'MuiPaper-root')])[7]/div/a'.</msg>
<status status="PASS" starttime="20220910 15:13:47.112" endtime="20220910 15:13:47.163"/>
</kw>
<kw name="Wait Until Element Is Visible" library="SeleniumLibrary">
<arg>${ADDPLAYERLOGO}</arg>
<doc>Waits until the element ``locator`` is visible.</doc>
<status status="PASS" starttime="20220910 15:13:47.164" endtime="20220910 15:13:47.412"/>
</kw>
<status status="PASS" starttime="20220910 15:13:45.692" endtime="20220910 15:13:47.412"/>
</kw>
<kw name="Type in name">
<kw name="Input Text" library="SeleniumLibrary">
<arg>${PLAYERNAME}</arg>
<arg>David</arg>
<doc>Types the given ``text`` into the text field identified by ``locator``.</doc>
<msg timestamp="20220910 15:13:47.413" level="INFO">Typing text 'David' into text field 'xpath=//input[@name='name']'.</msg>
<status status="PASS" starttime="20220910 15:13:47.413" endtime="20220910 15:13:47.554"/>
</kw>
<status status="PASS" starttime="20220910 15:13:47.413" endtime="20220910 15:13:47.554"/>
</kw>
<kw name="Type in surname">
<kw name="Input Text" library="SeleniumLibrary">
<arg>${PLAYERSURNAME}</arg>
<arg>Beckham</arg>
<doc>Types the given ``text`` into the text field identified by ``locator``.</doc>
<msg timestamp="20220910 15:13:47.555" level="INFO">Typing text 'Beckham' into text field 'xpath=//input[@name='surname']'.</msg>
<status status="PASS" starttime="20220910 15:13:47.555" endtime="20220910 15:13:47.671"/>
</kw>
<status status="PASS" starttime="20220910 15:13:47.555" endtime="20220910 15:13:47.671"/>
</kw>
<kw name="Select age">
<kw name="Input Text" library="SeleniumLibrary">
<arg>${PLAYERAGE}</arg>
<arg>12/12/1972</arg>
<doc>Types the given ``text`` into the text field identified by ``locator``.</doc>
<msg timestamp="20220910 15:13:47.673" level="INFO">Typing text '12/12/1972' into text field 'xpath=//input[@name='age']'.</msg>
<status status="PASS" starttime="20220910 15:13:47.673" endtime="20220910 15:13:47.780"/>
</kw>
<status status="PASS" starttime="20220910 15:13:47.672" endtime="20220910 15:13:47.781"/>
</kw>
<kw name="Select left leg">
<kw name="Click Element" library="SeleniumLibrary">
<arg>${PLAYERLEG}</arg>
<doc>Click the element identified by ``locator``.</doc>
<msg timestamp="20220910 15:13:47.782" level="INFO">Clicking element 'xpath=//*[@id='mui-component-select-leg']'.</msg>
<status status="PASS" starttime="20220910 15:13:47.782" endtime="20220910 15:13:47.850"/>
</kw>
<kw name="Click Element" library="SeleniumLibrary">
<arg>${PLAYERLEFTLEG}</arg>
<doc>Click the element identified by ``locator``.</doc>
<msg timestamp="20220910 15:13:47.851" level="INFO">Clicking element 'xpath=//li[@data-value='left']'.</msg>
<status status="PASS" starttime="20220910 15:13:47.850" endtime="20220910 15:13:47.912"/>
</kw>
<status status="PASS" starttime="20220910 15:13:47.781" endtime="20220910 15:13:47.912"/>
</kw>
<kw name="Type in main position">
<kw name="Input Text" library="SeleniumLibrary">
<arg>${PLAYERMAINPOSITION}</arg>
<arg>captain</arg>
<doc>Types the given ``text`` into the text field identified by ``locator``.</doc>
<msg timestamp="20220910 15:13:47.914" level="INFO">Typing text 'captain' into text field 'xpath=//input[@name='mainPosition']'.</msg>
<status status="PASS" starttime="20220910 15:13:47.913" endtime="20220910 15:13:48.023"/>
</kw>
<status status="PASS" starttime="20220910 15:13:47.913" endtime="20220910 15:13:48.023"/>
</kw>
<kw name="Click on the Submit button">
<kw name="Click Element" library="SeleniumLibrary">
<arg>${SUBMITBUTTON}</arg>
<doc>Click the element identified by ``locator``.</doc>
<msg timestamp="20220910 15:13:48.024" level="INFO">Clicking element 'xpath=//button[@type='submit']/span[1]'.</msg>
<status status="PASS" starttime="20220910 15:13:48.024" endtime="20220910 15:13:48.188"/>
</kw>
<status status="PASS" starttime="20220910 15:13:48.024" endtime="20220910 15:13:48.188"/>
</kw>
<kw name="Assert new player in menu">
<kw name="Wait Until Element Is Visible" library="SeleniumLibrary">
<arg>${PLAYERNAMEINMENU}</arg>
<doc>Waits until the element ``locator`` is visible.</doc>
<msg timestamp="20220910 15:13:53.432" level="INFO" html="true">&lt;/td&gt;&lt;/tr&gt;&lt;tr&gt;&lt;td colspan="3"&gt;&lt;a href="selenium-screenshot-3.png"&gt;&lt;img src="selenium-screenshot-3.png" width="800px"&gt;&lt;/a&gt;</msg>
<msg timestamp="20220910 15:13:53.433" level="FAIL">Element 'xpath=//ul[2]/div[1]/div/span[contains(text(),'David Beckham')]' not visible after 5 seconds.</msg>
<status status="FAIL" starttime="20220910 15:13:48.190" endtime="20220910 15:13:53.434"/>
</kw>
<kw name="Element Text Should Be" library="SeleniumLibrary">
<arg>${PLAYERNAMEINMENU}</arg>
<arg>David Beckham</arg>
<doc>Verifies that element ``locator`` contains exact the text ``expected``.</doc>
<status status="NOT RUN" starttime="20220910 15:13:53.434" endtime="20220910 15:13:53.434"/>
</kw>
<kw name="Capture Page Screenshot" library="SeleniumLibrary">
<arg>alert5.png</arg>
<doc>Takes a screenshot of the current page and embeds it into a log file.</doc>
<status status="NOT RUN" starttime="20220910 15:13:53.434" endtime="20220910 15:13:53.435"/>
</kw>
<status status="FAIL" starttime="20220910 15:13:48.189" endtime="20220910 15:13:53.435"/>
</kw>
<kw name="Close Browser" library="SeleniumLibrary" type="TEARDOWN">
<doc>Closes the current browser.</doc>
<status status="PASS" starttime="20220910 15:13:53.436" endtime="20220910 15:13:55.563"/>
</kw>
<status status="FAIL" starttime="20220910 15:13:43.503" endtime="20220910 15:13:55.564">Element 'xpath=//ul[2]/div[1]/div/span[contains(text(),'David Beckham')]' not visible after 5 seconds.</status>
</test>
<doc>Suite description #automated tests for scout website</doc>
<status status="FAIL" starttime="20220910 15:13:11.499" endtime="20220910 15:13:55.571"/>
</suite>
<statistics>
<total>
<stat pass="3" fail="3" skip="0">All Tests</stat>
</total>
<tag>
</tag>
<suite>
<stat pass="3" fail="3" skip="0" id="s1" name="Test Login Rf">Test Login Rf</stat>
</suite>
</statistics>
<errors>
</errors>
</robot>
