<?xml version="1.0" encoding="UTF-8"?>
<robot generator="Robot 5.0.1 (Python 3.8.3 on win32)" generated="20220909 14:26:39.893" rpa="false" schemaversion="3">
<suite id="s1" name="Test Login Rf" source="C:\Users\vtelt\OneDrive\Documents\GitHub\vtelt_robotframework\vtelt_robotframework\test_login_rf.robot">
<kw name="Setup chromedriver" type="SETUP">
<kw name="Set Environment Variable" library="OperatingSystem">
<arg>webdriver.chrome.driver</arg>
<arg>${EXECDIR}/chromedriver.exe</arg>
<doc>Sets an environment variable to a specified value.</doc>
<msg timestamp="20220909 14:26:40.171" level="INFO">Environment variable 'webdriver.chrome.driver' set to value 'C:\Users\vtelt\OneDrive\Documents\GitHub\vtelt_robotframework\vtelt_robotframework/chromedriver.exe'.</msg>
<status status="PASS" starttime="20220909 14:26:40.171" endtime="20220909 14:26:40.171"/>
</kw>
<status status="PASS" starttime="20220909 14:26:40.170" endtime="20220909 14:26:40.171"/>
</kw>
<test id="s1-t1" name="Login to the system" line="38">
<kw name="Open login page">
<kw name="Open Browser" library="SeleniumLibrary">
<arg>${LOGIN URL}</arg>
<arg>${BROWSER}</arg>
<doc>Opens a new browser instance to the optional ``url``.</doc>
<msg timestamp="20220909 14:26:40.173" level="INFO">Opening browser 'Chrome' to base url 'https://scouts-test.futbolkolektyw.pl/en/'.</msg>
<status status="PASS" starttime="20220909 14:26:40.172" endtime="20220909 14:26:42.192"/>
</kw>
<kw name="Title Should Be" library="SeleniumLibrary">
<arg>Scouts panel - sign in</arg>
<doc>Verifies that the current page title equals ``title``.</doc>
<msg timestamp="20220909 14:26:42.198" level="INFO">Page title is 'Scouts panel - sign in'.</msg>
<status status="PASS" starttime="20220909 14:26:42.192" endtime="20220909 14:26:42.198"/>
</kw>
<status status="PASS" starttime="20220909 14:26:40.172" endtime="20220909 14:26:42.198"/>
</kw>
<kw name="Type in login">
<kw name="Input Text" library="SeleniumLibrary">
<arg>${LOGININPUT}</arg>
<arg>user07@getnada.com</arg>
<doc>Types the given ``text`` into the text field identified by ``locator``.</doc>
<msg timestamp="20220909 14:26:42.200" level="INFO">Typing text 'user07@getnada.com' into text field 'xpath=//*[@id='login']'.</msg>
<status status="PASS" starttime="20220909 14:26:42.199" endtime="20220909 14:26:42.361"/>
</kw>
<status status="PASS" starttime="20220909 14:26:42.199" endtime="20220909 14:26:42.361"/>
</kw>
<kw name="Type in password">
<kw name="Input Text" library="SeleniumLibrary">
<arg>${PASSWORDINPUT}</arg>
<arg>Test-1234</arg>
<doc>Types the given ``text`` into the text field identified by ``locator``.</doc>
<msg timestamp="20220909 14:26:42.362" level="INFO">Typing text 'Test-1234' into text field 'xpath=//*[@id='password']'.</msg>
<status status="PASS" starttime="20220909 14:26:42.361" endtime="20220909 14:26:42.463"/>
</kw>
<status status="PASS" starttime="20220909 14:26:42.361" endtime="20220909 14:26:42.463"/>
</kw>
<kw name="Click on the Send button">
<kw name="Click Element" library="SeleniumLibrary">
<arg>${SIGNINBUTTON}</arg>
<doc>Click the element identified by ``locator``.</doc>
<msg timestamp="20220909 14:26:42.465" level="INFO">Clicking element 'xpath=//*[@type='submit']/span[1]'.</msg>
<status status="PASS" starttime="20220909 14:26:42.464" endtime="20220909 14:26:42.510"/>
</kw>
<status status="PASS" starttime="20220909 14:26:42.464" endtime="20220909 14:26:42.510"/>
</kw>
<kw name="Assert Dashboard">
<kw name="Wait Until Element Is Visible" library="SeleniumLibrary">
<arg>${PAGELOGODASHBOARD}</arg>
<doc>Waits until the element ``locator`` is visible.</doc>
<status status="PASS" starttime="20220909 14:26:42.511" endtime="20220909 14:26:43.682"/>
</kw>
<kw name="Title Should Be" library="SeleniumLibrary">
<arg>Scouts panel</arg>
<doc>Verifies that the current page title equals ``title``.</doc>
<msg timestamp="20220909 14:26:43.686" level="INFO">Page title is 'Scouts panel'.</msg>
<status status="PASS" starttime="20220909 14:26:43.682" endtime="20220909 14:26:43.686"/>
</kw>
<kw name="Capture Page Screenshot" library="SeleniumLibrary">
<arg>alert.png</arg>
<doc>Takes a screenshot of the current page and embeds it into a log file.</doc>
<msg timestamp="20220909 14:26:43.808" level="INFO" html="true">&lt;/td&gt;&lt;/tr&gt;&lt;tr&gt;&lt;td colspan="3"&gt;&lt;a href="alert.png"&gt;&lt;img src="alert.png" width="800px"&gt;&lt;/a&gt;</msg>
<status status="PASS" starttime="20220909 14:26:43.687" endtime="20220909 14:26:43.808"/>
</kw>
<status status="PASS" starttime="20220909 14:26:42.510" endtime="20220909 14:26:43.809"/>
</kw>
<kw name="Close Browser" library="SeleniumLibrary" type="TEARDOWN">
<doc>Closes the current browser.</doc>
<status status="PASS" starttime="20220909 14:26:43.810" endtime="20220909 14:26:45.917"/>
</kw>
<status status="PASS" starttime="20220909 14:26:40.171" endtime="20220909 14:26:45.918"/>
</test>
<test id="s1-t2" name="Login out of the system" line="46">
<kw name="Open login page">
<kw name="Open Browser" library="SeleniumLibrary">
<arg>${LOGIN URL}</arg>
<arg>${BROWSER}</arg>
<doc>Opens a new browser instance to the optional ``url``.</doc>
<msg timestamp="20220909 14:26:45.920" level="INFO">Opening browser 'Chrome' to base url 'https://scouts-test.futbolkolektyw.pl/en/'.</msg>
<status status="PASS" starttime="20220909 14:26:45.920" endtime="20220909 14:26:47.973"/>
</kw>
<kw name="Title Should Be" library="SeleniumLibrary">
<arg>Scouts panel - sign in</arg>
<doc>Verifies that the current page title equals ``title``.</doc>
<msg timestamp="20220909 14:26:47.980" level="INFO">Page title is 'Scouts panel - sign in'.</msg>
<status status="PASS" starttime="20220909 14:26:47.973" endtime="20220909 14:26:47.980"/>
</kw>
<status status="PASS" starttime="20220909 14:26:45.920" endtime="20220909 14:26:47.980"/>
</kw>
<kw name="Type in login">
<kw name="Input Text" library="SeleniumLibrary">
<arg>${LOGININPUT}</arg>
<arg>user07@getnada.com</arg>
<doc>Types the given ``text`` into the text field identified by ``locator``.</doc>
<msg timestamp="20220909 14:26:47.981" level="INFO">Typing text 'user07@getnada.com' into text field 'xpath=//*[@id='login']'.</msg>
<status status="PASS" starttime="20220909 14:26:47.981" endtime="20220909 14:26:48.147"/>
</kw>
<status status="PASS" starttime="20220909 14:26:47.981" endtime="20220909 14:26:48.147"/>
</kw>
<kw name="Type in password">
<kw name="Input Text" library="SeleniumLibrary">
<arg>${PASSWORDINPUT}</arg>
<arg>Test-1234</arg>
<doc>Types the given ``text`` into the text field identified by ``locator``.</doc>
<msg timestamp="20220909 14:26:48.148" level="INFO">Typing text 'Test-1234' into text field 'xpath=//*[@id='password']'.</msg>
<status status="PASS" starttime="20220909 14:26:48.148" endtime="20220909 14:26:48.255"/>
</kw>
<status status="PASS" starttime="20220909 14:26:48.147" endtime="20220909 14:26:48.255"/>
</kw>
<kw name="Click on the Send button">
<kw name="Click Element" library="SeleniumLibrary">
<arg>${SIGNINBUTTON}</arg>
<doc>Click the element identified by ``locator``.</doc>
<msg timestamp="20220909 14:26:48.256" level="INFO">Clicking element 'xpath=//*[@type='submit']/span[1]'.</msg>
<status status="PASS" starttime="20220909 14:26:48.256" endtime="20220909 14:26:48.301"/>
</kw>
<status status="PASS" starttime="20220909 14:26:48.256" endtime="20220909 14:26:48.301"/>
</kw>
<kw name="Assert Dashboard">
<kw name="Wait Until Element Is Visible" library="SeleniumLibrary">
<arg>${PAGELOGODASHBOARD}</arg>
<doc>Waits until the element ``locator`` is visible.</doc>
<status status="PASS" starttime="20220909 14:26:48.302" endtime="20220909 14:26:49.181"/>
</kw>
<kw name="Title Should Be" library="SeleniumLibrary">
<arg>Scouts panel</arg>
<doc>Verifies that the current page title equals ``title``.</doc>
<msg timestamp="20220909 14:26:49.187" level="INFO">Page title is 'Scouts panel'.</msg>
<status status="PASS" starttime="20220909 14:26:49.182" endtime="20220909 14:26:49.187"/>
</kw>
<kw name="Capture Page Screenshot" library="SeleniumLibrary">
<arg>alert.png</arg>
<doc>Takes a screenshot of the current page and embeds it into a log file.</doc>
<msg timestamp="20220909 14:26:49.353" level="INFO" html="true">&lt;/td&gt;&lt;/tr&gt;&lt;tr&gt;&lt;td colspan="3"&gt;&lt;a href="alert.png"&gt;&lt;img src="alert.png" width="800px"&gt;&lt;/a&gt;</msg>
<status status="PASS" starttime="20220909 14:26:49.187" endtime="20220909 14:26:49.354"/>
</kw>
<status status="PASS" starttime="20220909 14:26:48.302" endtime="20220909 14:26:49.354"/>
</kw>
<kw name="Click on Sign out button">
<kw name="Click Element" library="SeleniumLibrary">
<arg>${SIGNOUTBUTTON}</arg>
<doc>Click the element identified by ``locator``.</doc>
<msg timestamp="20220909 14:26:49.355" level="INFO">Clicking element 'xpath=(//ul[contains(@class, 'MuiList-root')])[2]/div[2]/div/span'.</msg>
<status status="PASS" starttime="20220909 14:26:49.354" endtime="20220909 14:26:49.412"/>
</kw>
<status status="PASS" starttime="20220909 14:26:49.354" endtime="20220909 14:26:49.413"/>
</kw>
<kw name="Assert Login page">
<kw name="Wait Until Element Is Visible" library="SeleniumLibrary">
<arg>${PAGELOGOLOGIN}</arg>
<doc>Waits until the element ``locator`` is visible.</doc>
<status status="PASS" starttime="20220909 14:26:49.414" endtime="20220909 14:26:49.435"/>
</kw>
<kw name="Title Should Be" library="SeleniumLibrary">
<arg>Scouts panel - sign in</arg>
<doc>Verifies that the current page title equals ``title``.</doc>
<msg timestamp="20220909 14:26:49.439" level="INFO">Page title is 'Scouts panel - sign in'.</msg>
<status status="PASS" starttime="20220909 14:26:49.435" endtime="20220909 14:26:49.439"/>
</kw>
<kw name="Capture Page Screenshot" library="SeleniumLibrary">
<arg>alert2.png</arg>
<doc>Takes a screenshot of the current page and embeds it into a log file.</doc>
<msg timestamp="20220909 14:26:49.542" level="INFO" html="true">&lt;/td&gt;&lt;/tr&gt;&lt;tr&gt;&lt;td colspan="3"&gt;&lt;a href="alert2.png"&gt;&lt;img src="alert2.png" width="800px"&gt;&lt;/a&gt;</msg>
<status status="PASS" starttime="20220909 14:26:49.439" endtime="20220909 14:26:49.542"/>
</kw>
<status status="PASS" starttime="20220909 14:26:49.413" endtime="20220909 14:26:49.542"/>
</kw>
<kw name="Close Browser" library="SeleniumLibrary" type="TEARDOWN">
<doc>Closes the current browser.</doc>
<status status="PASS" starttime="20220909 14:26:49.543" endtime="20220909 14:26:51.673"/>
</kw>
<status status="PASS" starttime="20220909 14:26:45.919" endtime="20220909 14:26:51.674"/>
</test>
<test id="s1-t3" name="Incorrect Login" line="56">
<kw name="Open login page">
<kw name="Open Browser" library="SeleniumLibrary">
<arg>${LOGIN URL}</arg>
<arg>${BROWSER}</arg>
<doc>Opens a new browser instance to the optional ``url``.</doc>
<msg timestamp="20220909 14:26:51.677" level="INFO">Opening browser 'Chrome' to base url 'https://scouts-test.futbolkolektyw.pl/en/'.</msg>
<status status="PASS" starttime="20220909 14:26:51.677" endtime="20220909 14:26:53.396"/>
</kw>
<kw name="Title Should Be" library="SeleniumLibrary">
<arg>Scouts panel - sign in</arg>
<doc>Verifies that the current page title equals ``title``.</doc>
<msg timestamp="20220909 14:26:53.400" level="INFO">Page title is 'Scouts panel - sign in'.</msg>
<status status="PASS" starttime="20220909 14:26:53.396" endtime="20220909 14:26:53.400"/>
</kw>
<status status="PASS" starttime="20220909 14:26:51.676" endtime="20220909 14:26:53.400"/>
</kw>
<kw name="Type incorrect login">
<kw name="Input Text" library="SeleniumLibrary">
<arg>${LOGININPUT}</arg>
<arg>test</arg>
<doc>Types the given ``text`` into the text field identified by ``locator``.</doc>
<msg timestamp="20220909 14:26:53.402" level="INFO">Typing text 'test' into text field 'xpath=//*[@id='login']'.</msg>
<status status="PASS" starttime="20220909 14:26:53.401" endtime="20220909 14:26:53.499"/>
</kw>
<status status="PASS" starttime="20220909 14:26:53.401" endtime="20220909 14:26:53.499"/>
</kw>
<kw name="Type in password">
<kw name="Input Text" library="SeleniumLibrary">
<arg>${PASSWORDINPUT}</arg>
<arg>Test-1234</arg>
<doc>Types the given ``text`` into the text field identified by ``locator``.</doc>
<msg timestamp="20220909 14:26:53.501" level="INFO">Typing text 'Test-1234' into text field 'xpath=//*[@id='password']'.</msg>
<status status="PASS" starttime="20220909 14:26:53.500" endtime="20220909 14:26:53.610"/>
</kw>
<status status="PASS" starttime="20220909 14:26:53.500" endtime="20220909 14:26:53.610"/>
</kw>
<kw name="Click on the Send button">
<kw name="Click Element" library="SeleniumLibrary">
<arg>${SIGNINBUTTON}</arg>
<doc>Click the element identified by ``locator``.</doc>
<msg timestamp="20220909 14:26:53.611" level="INFO">Clicking element 'xpath=//*[@type='submit']/span[1]'.</msg>
<status status="PASS" starttime="20220909 14:26:53.611" endtime="20220909 14:26:53.657"/>
</kw>
<status status="PASS" starttime="20220909 14:26:53.610" endtime="20220909 14:26:53.657"/>
</kw>
<kw name="Assert Login page">
<kw name="Wait Until Element Is Visible" library="SeleniumLibrary">
<arg>${PAGELOGOLOGIN}</arg>
<doc>Waits until the element ``locator`` is visible.</doc>
<status status="PASS" starttime="20220909 14:26:53.658" endtime="20220909 14:26:53.680"/>
</kw>
<kw name="Title Should Be" library="SeleniumLibrary">
<arg>Scouts panel - sign in</arg>
<doc>Verifies that the current page title equals ``title``.</doc>
<msg timestamp="20220909 14:26:53.684" level="INFO">Page title is 'Scouts panel - sign in'.</msg>
<status status="PASS" starttime="20220909 14:26:53.680" endtime="20220909 14:26:53.684"/>
</kw>
<kw name="Capture Page Screenshot" library="SeleniumLibrary">
<arg>alert2.png</arg>
<doc>Takes a screenshot of the current page and embeds it into a log file.</doc>
<msg timestamp="20220909 14:26:53.899" level="INFO" html="true">&lt;/td&gt;&lt;/tr&gt;&lt;tr&gt;&lt;td colspan="3"&gt;&lt;a href="alert2.png"&gt;&lt;img src="alert2.png" width="800px"&gt;&lt;/a&gt;</msg>
<status status="PASS" starttime="20220909 14:26:53.684" endtime="20220909 14:26:53.899"/>
</kw>
<status status="PASS" starttime="20220909 14:26:53.657" endtime="20220909 14:26:53.899"/>
</kw>
<kw name="Assert incorrect login message">
<kw name="Wait Until Element Is Visible" library="SeleniumLibrary">
<arg>${INCORRECTLOGINDATAMESSAGE}</arg>
<doc>Waits until the element ``locator`` is visible.</doc>
<status status="PASS" starttime="20220909 14:26:53.900" endtime="20220909 14:26:53.925"/>
</kw>
<kw name="Element Text Should Be" library="SeleniumLibrary">
<arg>${INCORRECTLOGINDATAMESSAGE}</arg>
<arg>Identifier or password invalid.</arg>
<doc>Verifies that element ``locator`` contains exact the text ``expected``.</doc>
<msg timestamp="20220909 14:26:53.925" level="INFO">Verifying element 'xpath=//span[contains(@class, 'MuiTypography-root')]' contains exact text 'Identifier or password invalid.'.</msg>
<status status="PASS" starttime="20220909 14:26:53.925" endtime="20220909 14:26:53.944"/>
</kw>
<kw name="Capture Page Screenshot" library="SeleniumLibrary">
<arg>alert3.png</arg>
<doc>Takes a screenshot of the current page and embeds it into a log file.</doc>
<msg timestamp="20220909 14:26:54.133" level="INFO" html="true">&lt;/td&gt;&lt;/tr&gt;&lt;tr&gt;&lt;td colspan="3"&gt;&lt;a href="alert3.png"&gt;&lt;img src="alert3.png" width="800px"&gt;&lt;/a&gt;</msg>
<status status="PASS" starttime="20220909 14:26:53.944" endtime="20220909 14:26:54.133"/>
</kw>
<status status="PASS" starttime="20220909 14:26:53.900" endtime="20220909 14:26:54.133"/>
</kw>
<kw name="Close Browser" library="SeleniumLibrary" type="TEARDOWN">
<doc>Closes the current browser.</doc>
<status status="PASS" starttime="20220909 14:26:54.134" endtime="20220909 14:26:56.231"/>
</kw>
<status status="PASS" starttime="20220909 14:26:51.676" endtime="20220909 14:26:56.232"/>
</test>
<test id="s1-t4" name="Empty Password" line="65">
<kw name="Open login page">
<kw name="Open Browser" library="SeleniumLibrary">
<arg>${LOGIN URL}</arg>
<arg>${BROWSER}</arg>
<doc>Opens a new browser instance to the optional ``url``.</doc>
<msg timestamp="20220909 14:26:56.235" level="INFO">Opening browser 'Chrome' to base url 'https://scouts-test.futbolkolektyw.pl/en/'.</msg>
<status status="PASS" starttime="20220909 14:26:56.235" endtime="20220909 14:26:58.361"/>
</kw>
<kw name="Title Should Be" library="SeleniumLibrary">
<arg>Scouts panel - sign in</arg>
<doc>Verifies that the current page title equals ``title``.</doc>
<msg timestamp="20220909 14:26:58.366" level="INFO">Page title is 'Scouts panel - sign in'.</msg>
<status status="PASS" starttime="20220909 14:26:58.361" endtime="20220909 14:26:58.366"/>
</kw>
<status status="PASS" starttime="20220909 14:26:56.234" endtime="20220909 14:26:58.366"/>
</kw>
<kw name="Type in login">
<kw name="Input Text" library="SeleniumLibrary">
<arg>${LOGININPUT}</arg>
<arg>user07@getnada.com</arg>
<doc>Types the given ``text`` into the text field identified by ``locator``.</doc>
<msg timestamp="20220909 14:26:58.368" level="INFO">Typing text 'user07@getnada.com' into text field 'xpath=//*[@id='login']'.</msg>
<status status="PASS" starttime="20220909 14:26:58.367" endtime="20220909 14:26:58.525"/>
</kw>
<status status="PASS" starttime="20220909 14:26:58.367" endtime="20220909 14:26:58.525"/>
</kw>
<kw name="Type empty password">
<kw name="Input Text" library="SeleniumLibrary">
<arg>${PASSWORDINPUT}</arg>
<arg>${EMPTY}</arg>
<doc>Types the given ``text`` into the text field identified by ``locator``.</doc>
<msg timestamp="20220909 14:26:58.527" level="INFO">Typing text '' into text field 'xpath=//*[@id='password']'.</msg>
<status status="PASS" starttime="20220909 14:26:58.527" endtime="20220909 14:26:58.606"/>
</kw>
<status status="PASS" starttime="20220909 14:26:58.526" endtime="20220909 14:26:58.606"/>
</kw>
<kw name="Click on the Send button">
<kw name="Click Element" library="SeleniumLibrary">
<arg>${SIGNINBUTTON}</arg>
<doc>Click the element identified by ``locator``.</doc>
<msg timestamp="20220909 14:26:58.608" level="INFO">Clicking element 'xpath=//*[@type='submit']/span[1]'.</msg>
<status status="PASS" starttime="20220909 14:26:58.607" endtime="20220909 14:26:58.651"/>
</kw>
<status status="PASS" starttime="20220909 14:26:58.607" endtime="20220909 14:26:58.652"/>
</kw>
<kw name="Assert Login page">
<kw name="Wait Until Element Is Visible" library="SeleniumLibrary">
<arg>${PAGELOGOLOGIN}</arg>
<doc>Waits until the element ``locator`` is visible.</doc>
<status status="PASS" starttime="20220909 14:26:58.652" endtime="20220909 14:26:58.676"/>
</kw>
<kw name="Title Should Be" library="SeleniumLibrary">
<arg>Scouts panel - sign in</arg>
<doc>Verifies that the current page title equals ``title``.</doc>
<msg timestamp="20220909 14:26:58.679" level="INFO">Page title is 'Scouts panel - sign in'.</msg>
<status status="PASS" starttime="20220909 14:26:58.676" endtime="20220909 14:26:58.680"/>
</kw>
<kw name="Capture Page Screenshot" library="SeleniumLibrary">
<arg>alert2.png</arg>
<doc>Takes a screenshot of the current page and embeds it into a log file.</doc>
<msg timestamp="20220909 14:26:58.937" level="INFO" html="true">&lt;/td&gt;&lt;/tr&gt;&lt;tr&gt;&lt;td colspan="3"&gt;&lt;a href="alert2.png"&gt;&lt;img src="alert2.png" width="800px"&gt;&lt;/a&gt;</msg>
<status status="PASS" starttime="20220909 14:26:58.680" endtime="20220909 14:26:58.937"/>
</kw>
<status status="PASS" starttime="20220909 14:26:58.652" endtime="20220909 14:26:58.937"/>
</kw>
<kw name="Assert empty password message">
<kw name="Wait Until Element Is Visible" library="SeleniumLibrary">
<arg>${INCORRECTLOGINDATAMESSAGE}</arg>
<doc>Waits until the element ``locator`` is visible.</doc>
<status status="PASS" starttime="20220909 14:26:58.939" endtime="20220909 14:26:59.173"/>
</kw>
<kw name="Element Text Should Be" library="SeleniumLibrary">
<arg>${INCORRECTLOGINDATAMESSAGE}</arg>
<arg>Please provide your password.</arg>
<doc>Verifies that element ``locator`` contains exact the text ``expected``.</doc>
<msg timestamp="20220909 14:26:59.174" level="INFO">Verifying element 'xpath=//span[contains(@class, 'MuiTypography-root')]' contains exact text 'Please provide your password.'.</msg>
<status status="PASS" starttime="20220909 14:26:59.173" endtime="20220909 14:26:59.195"/>
</kw>
<kw name="Capture Page Screenshot" library="SeleniumLibrary">
<arg>alert4.png</arg>
<doc>Takes a screenshot of the current page and embeds it into a log file.</doc>
<msg timestamp="20220909 14:26:59.353" level="INFO" html="true">&lt;/td&gt;&lt;/tr&gt;&lt;tr&gt;&lt;td colspan="3"&gt;&lt;a href="alert4.png"&gt;&lt;img src="alert4.png" width="800px"&gt;&lt;/a&gt;</msg>
<status status="PASS" starttime="20220909 14:26:59.195" endtime="20220909 14:26:59.353"/>
</kw>
<status status="PASS" starttime="20220909 14:26:58.938" endtime="20220909 14:26:59.353"/>
</kw>
<kw name="Close Browser" library="SeleniumLibrary" type="TEARDOWN">
<doc>Closes the current browser.</doc>
<status status="PASS" starttime="20220909 14:26:59.354" endtime="20220909 14:27:01.477"/>
</kw>
<status status="PASS" starttime="20220909 14:26:56.234" endtime="20220909 14:27:01.477"/>
</test>
<test id="s1-t5" name="Remind Password" line="74">
<kw name="Open login page">
<kw name="Open Browser" library="SeleniumLibrary">
<arg>${LOGIN URL}</arg>
<arg>${BROWSER}</arg>
<doc>Opens a new browser instance to the optional ``url``.</doc>
<msg timestamp="20220909 14:27:01.480" level="INFO">Opening browser 'Chrome' to base url 'https://scouts-test.futbolkolektyw.pl/en/'.</msg>
<status status="PASS" starttime="20220909 14:27:01.480" endtime="20220909 14:27:03.340"/>
</kw>
<kw name="Title Should Be" library="SeleniumLibrary">
<arg>Scouts panel - sign in</arg>
<doc>Verifies that the current page title equals ``title``.</doc>
<msg timestamp="20220909 14:27:03.347" level="INFO">Page title is 'Scouts panel - sign in'.</msg>
<status status="PASS" starttime="20220909 14:27:03.340" endtime="20220909 14:27:03.347"/>
</kw>
<status status="PASS" starttime="20220909 14:27:01.479" endtime="20220909 14:27:03.347"/>
</kw>
<kw name="Click on Remind password">
<kw name="Click Element" library="SeleniumLibrary">
<arg>${REMINDPASSWORDLINK}</arg>
<doc>Click the element identified by ``locator``.</doc>
<msg timestamp="20220909 14:27:03.348" level="INFO">Clicking element 'xpath=//a[contains(@class, 'MuiTypography-root')]'.</msg>
<status status="PASS" starttime="20220909 14:27:03.348" endtime="20220909 14:27:03.392"/>
</kw>
<kw name="Wait Until Element Is Visible" library="SeleniumLibrary">
<arg>${REMINDLOGO}</arg>
<doc>Waits until the element ``locator`` is visible.</doc>
<status status="PASS" starttime="20220909 14:27:03.392" endtime="20220909 14:27:03.429"/>
</kw>
<status status="PASS" starttime="20220909 14:27:03.347" endtime="20220909 14:27:03.429"/>
</kw>
<kw name="Type in email">
<kw name="Input Text" library="SeleniumLibrary">
<arg>${EMAILINPUT}</arg>
<arg>user07@getnada.com</arg>
<doc>Types the given ``text`` into the text field identified by ``locator``.</doc>
<msg timestamp="20220909 14:27:03.430" level="INFO">Typing text 'user07@getnada.com' into text field 'xpath=//*[@name='email']'.</msg>
<status status="PASS" starttime="20220909 14:27:03.430" endtime="20220909 14:27:03.591"/>
</kw>
<status status="PASS" starttime="20220909 14:27:03.430" endtime="20220909 14:27:03.591"/>
</kw>
<kw name="Click on the Send button">
<kw name="Click Element" library="SeleniumLibrary">
<arg>${SIGNINBUTTON}</arg>
<doc>Click the element identified by ``locator``.</doc>
<msg timestamp="20220909 14:27:03.592" level="INFO">Clicking element 'xpath=//*[@type='submit']/span[1]'.</msg>
<status status="PASS" starttime="20220909 14:27:03.592" endtime="20220909 14:27:03.639"/>
</kw>
<status status="PASS" starttime="20220909 14:27:03.592" endtime="20220909 14:27:03.639"/>
</kw>
<kw name="Click on Back to sign in">
<kw name="Click Element" library="SeleniumLibrary">
<arg>${BACKTOSIGNINLINK}</arg>
<doc>Click the element identified by ``locator``.</doc>
<msg timestamp="20220909 14:27:03.640" level="INFO">Clicking element 'xpath=//a[contains(@class, 'MuiTypography-root')]'.</msg>
<status status="PASS" starttime="20220909 14:27:03.640" endtime="20220909 14:27:03.681"/>
</kw>
<status status="PASS" starttime="20220909 14:27:03.639" endtime="20220909 14:27:03.681"/>
</kw>
<kw name="Assert Login page">
<kw name="Wait Until Element Is Visible" library="SeleniumLibrary">
<arg>${PAGELOGOLOGIN}</arg>
<doc>Waits until the element ``locator`` is visible.</doc>
<status status="PASS" starttime="20220909 14:27:03.682" endtime="20220909 14:27:03.705"/>
</kw>
<kw name="Title Should Be" library="SeleniumLibrary">
<arg>Scouts panel - sign in</arg>
<doc>Verifies that the current page title equals ``title``.</doc>
<msg timestamp="20220909 14:27:03.708" level="INFO">Page title is 'Scouts panel - sign in'.</msg>
<status status="PASS" starttime="20220909 14:27:03.705" endtime="20220909 14:27:03.709"/>
</kw>
<kw name="Capture Page Screenshot" library="SeleniumLibrary">
<arg>alert2.png</arg>
<doc>Takes a screenshot of the current page and embeds it into a log file.</doc>
<msg timestamp="20220909 14:27:03.827" level="INFO" html="true">&lt;/td&gt;&lt;/tr&gt;&lt;tr&gt;&lt;td colspan="3"&gt;&lt;a href="alert2.png"&gt;&lt;img src="alert2.png" width="800px"&gt;&lt;/a&gt;</msg>
<status status="PASS" starttime="20220909 14:27:03.709" endtime="20220909 14:27:03.827"/>
</kw>
<status status="PASS" starttime="20220909 14:27:03.682" endtime="20220909 14:27:03.828"/>
</kw>
<kw name="Close Browser" library="SeleniumLibrary" type="TEARDOWN">
<doc>Closes the current browser.</doc>
<status status="PASS" starttime="20220909 14:27:03.828" endtime="20220909 14:27:05.925"/>
</kw>
<status status="PASS" starttime="20220909 14:27:01.479" endtime="20220909 14:27:05.926"/>
</test>
<test id="s1-t6" name="Add New Player" line="83">
<kw name="Open login page">
<kw name="Open Browser" library="SeleniumLibrary">
<arg>${LOGIN URL}</arg>
<arg>${BROWSER}</arg>
<doc>Opens a new browser instance to the optional ``url``.</doc>
<msg timestamp="20220909 14:27:05.929" level="INFO">Opening browser 'Chrome' to base url 'https://scouts-test.futbolkolektyw.pl/en/'.</msg>
<status status="PASS" starttime="20220909 14:27:05.929" endtime="20220909 14:27:07.582"/>
</kw>
<kw name="Title Should Be" library="SeleniumLibrary">
<arg>Scouts panel - sign in</arg>
<doc>Verifies that the current page title equals ``title``.</doc>
<msg timestamp="20220909 14:27:07.586" level="INFO">Page title is 'Scouts panel - sign in'.</msg>
<status status="PASS" starttime="20220909 14:27:07.582" endtime="20220909 14:27:07.586"/>
</kw>
<status status="PASS" starttime="20220909 14:27:05.928" endtime="20220909 14:27:07.587"/>
</kw>
<kw name="Type in login">
<kw name="Input Text" library="SeleniumLibrary">
<arg>${LOGININPUT}</arg>
<arg>user07@getnada.com</arg>
<doc>Types the given ``text`` into the text field identified by ``locator``.</doc>
<msg timestamp="20220909 14:27:07.588" level="INFO">Typing text 'user07@getnada.com' into text field 'xpath=//*[@id='login']'.</msg>
<status status="PASS" starttime="20220909 14:27:07.588" endtime="20220909 14:27:07.745"/>
</kw>
<status status="PASS" starttime="20220909 14:27:07.587" endtime="20220909 14:27:07.745"/>
</kw>
<kw name="Type in password">
<kw name="Input Text" library="SeleniumLibrary">
<arg>${PASSWORDINPUT}</arg>
<arg>Test-1234</arg>
<doc>Types the given ``text`` into the text field identified by ``locator``.</doc>
<msg timestamp="20220909 14:27:07.746" level="INFO">Typing text 'Test-1234' into text field 'xpath=//*[@id='password']'.</msg>
<status status="PASS" starttime="20220909 14:27:07.746" endtime="20220909 14:27:07.850"/>
</kw>
<status status="PASS" starttime="20220909 14:27:07.746" endtime="20220909 14:27:07.850"/>
</kw>
<kw name="Click on the Send button">
<kw name="Click Element" library="SeleniumLibrary">
<arg>${SIGNINBUTTON}</arg>
<doc>Click the element identified by ``locator``.</doc>
<msg timestamp="20220909 14:27:07.852" level="INFO">Clicking element 'xpath=//*[@type='submit']/span[1]'.</msg>
<status status="PASS" starttime="20220909 14:27:07.851" endtime="20220909 14:27:07.906"/>
</kw>
<status status="PASS" starttime="20220909 14:27:07.850" endtime="20220909 14:27:07.906"/>
</kw>
<kw name="Assert Dashboard">
<kw name="Wait Until Element Is Visible" library="SeleniumLibrary">
<arg>${PAGELOGODASHBOARD}</arg>
<doc>Waits until the element ``locator`` is visible.</doc>
<status status="PASS" starttime="20220909 14:27:07.907" endtime="20220909 14:27:09.025"/>
</kw>
<kw name="Title Should Be" library="SeleniumLibrary">
<arg>Scouts panel</arg>
<doc>Verifies that the current page title equals ``title``.</doc>
<msg timestamp="20220909 14:27:09.029" level="INFO">Page title is 'Scouts panel'.</msg>
<status status="PASS" starttime="20220909 14:27:09.025" endtime="20220909 14:27:09.029"/>
</kw>
<kw name="Capture Page Screenshot" library="SeleniumLibrary">
<arg>alert.png</arg>
<doc>Takes a screenshot of the current page and embeds it into a log file.</doc>
<msg timestamp="20220909 14:27:09.165" level="INFO" html="true">&lt;/td&gt;&lt;/tr&gt;&lt;tr&gt;&lt;td colspan="3"&gt;&lt;a href="alert.png"&gt;&lt;img src="alert.png" width="800px"&gt;&lt;/a&gt;</msg>
<status status="PASS" starttime="20220909 14:27:09.029" endtime="20220909 14:27:09.165"/>
</kw>
<status status="PASS" starttime="20220909 14:27:07.906" endtime="20220909 14:27:09.165"/>
</kw>
<kw name="Click on Add Player">
<kw name="Click Element" library="SeleniumLibrary">
<arg>${ADDPLAYERLINK}</arg>
<doc>Click the element identified by ``locator``.</doc>
<msg timestamp="20220909 14:27:09.166" level="INFO">Clicking element 'xpath=(//div[contains(@class, 'MuiPaper-root')])[7]/div/a'.</msg>
<status status="PASS" starttime="20220909 14:27:09.166" endtime="20220909 14:27:09.215"/>
</kw>
<kw name="Wait Until Element Is Visible" library="SeleniumLibrary">
<arg>${ADDPLAYERLOGO}</arg>
<doc>Waits until the element ``locator`` is visible.</doc>
<status status="PASS" starttime="20220909 14:27:09.215" endtime="20220909 14:27:09.316"/>
</kw>
<status status="PASS" starttime="20220909 14:27:09.166" endtime="20220909 14:27:09.316"/>
</kw>
<kw name="Type in name">
<kw name="Input Text" library="SeleniumLibrary">
<arg>${PLAYERNAME}</arg>
<arg>David</arg>
<doc>Types the given ``text`` into the text field identified by ``locator``.</doc>
<msg timestamp="20220909 14:27:09.317" level="INFO">Typing text 'David' into text field 'xpath=//input[@name='name']'.</msg>
<status status="PASS" starttime="20220909 14:27:09.317" endtime="20220909 14:27:09.424"/>
</kw>
<status status="PASS" starttime="20220909 14:27:09.316" endtime="20220909 14:27:09.424"/>
</kw>
<kw name="Type in surname">
<kw name="Input Text" library="SeleniumLibrary">
<arg>${PLAYERSURNAME}</arg>
<arg>Beckham</arg>
<doc>Types the given ``text`` into the text field identified by ``locator``.</doc>
<msg timestamp="20220909 14:27:09.425" level="INFO">Typing text 'Beckham' into text field 'xpath=//input[@name='surname']'.</msg>
<status status="PASS" starttime="20220909 14:27:09.425" endtime="20220909 14:27:09.531"/>
</kw>
<status status="PASS" starttime="20220909 14:27:09.425" endtime="20220909 14:27:09.531"/>
</kw>
<kw name="Select age">
<kw name="Input Text" library="SeleniumLibrary">
<arg>${PLAYERAGE}</arg>
<arg>12/12/1972</arg>
<doc>Types the given ``text`` into the text field identified by ``locator``.</doc>
<msg timestamp="20220909 14:27:09.532" level="INFO">Typing text '12/12/1972' into text field 'xpath=//input[@name='age']'.</msg>
<status status="PASS" starttime="20220909 14:27:09.532" endtime="20220909 14:27:09.630"/>
</kw>
<status status="PASS" starttime="20220909 14:27:09.531" endtime="20220909 14:27:09.630"/>
</kw>
<kw name="Select left leg">
<kw name="Click Element" library="SeleniumLibrary">
<arg>${PLAYERLEG}</arg>
<doc>Click the element identified by ``locator``.</doc>
<msg timestamp="20220909 14:27:09.631" level="INFO">Clicking element 'xpath=//*[@id='mui-component-select-leg']'.</msg>
<status status="PASS" starttime="20220909 14:27:09.631" endtime="20220909 14:27:09.688"/>
</kw>
<kw name="Click Element" library="SeleniumLibrary">
<arg>${PLAYERLEFTLEG}</arg>
<doc>Click the element identified by ``locator``.</doc>
<msg timestamp="20220909 14:27:09.689" level="INFO">Clicking element 'xpath=//li[@data-value='left']'.</msg>
<status status="PASS" starttime="20220909 14:27:09.689" endtime="20220909 14:27:09.745"/>
</kw>
<status status="PASS" starttime="20220909 14:27:09.631" endtime="20220909 14:27:09.745"/>
</kw>
<kw name="Type in main position">
<kw name="Input Text" library="SeleniumLibrary">
<arg>${PLAYERMAINPOSITION}</arg>
<arg>captain</arg>
<doc>Types the given ``text`` into the text field identified by ``locator``.</doc>
<msg timestamp="20220909 14:27:09.746" level="INFO">Typing text 'captain' into text field 'xpath=//input[@name='mainPosition']'.</msg>
<status status="PASS" starttime="20220909 14:27:09.746" endtime="20220909 14:27:09.855"/>
</kw>
<status status="PASS" starttime="20220909 14:27:09.746" endtime="20220909 14:27:09.858"/>
</kw>
<kw name="Click on the Submit button">
<kw name="Click Element" library="SeleniumLibrary">
<arg>${SUBMITBUTTON}</arg>
<doc>Click the element identified by ``locator``.</doc>
<msg timestamp="20220909 14:27:09.859" level="INFO">Clicking element 'xpath=//button[@type='submit']/span[1]'.</msg>
<status status="PASS" starttime="20220909 14:27:09.859" endtime="20220909 14:27:10.055"/>
</kw>
<status status="PASS" starttime="20220909 14:27:09.859" endtime="20220909 14:27:10.055"/>
</kw>
<kw name="Assert new player in menu">
<kw name="Wait Until Element Is Visible" library="SeleniumLibrary">
<arg>${PLAYERNAMEINMENU}</arg>
<doc>Waits until the element ``locator`` is visible.</doc>
<status status="PASS" starttime="20220909 14:27:10.056" endtime="20220909 14:27:10.353"/>
</kw>
<kw name="Element Text Should Be" library="SeleniumLibrary">
<arg>${PLAYERNAMEINMENU}</arg>
<arg>David Beckham</arg>
<doc>Verifies that element ``locator`` contains exact the text ``expected``.</doc>
<msg timestamp="20220909 14:27:10.353" level="INFO">Verifying element 'xpath=//ul[2]/div[1]/div/span[contains(text(),'David Beckham')]' contains exact text 'David Beckham'.</msg>
<status status="PASS" starttime="20220909 14:27:10.353" endtime="20220909 14:27:10.374"/>
</kw>
<kw name="Capture Page Screenshot" library="SeleniumLibrary">
<arg>alert5.png</arg>
<doc>Takes a screenshot of the current page and embeds it into a log file.</doc>
<msg timestamp="20220909 14:27:10.525" level="INFO" html="true">&lt;/td&gt;&lt;/tr&gt;&lt;tr&gt;&lt;td colspan="3"&gt;&lt;a href="alert5.png"&gt;&lt;img src="alert5.png" width="800px"&gt;&lt;/a&gt;</msg>
<status status="PASS" starttime="20220909 14:27:10.374" endtime="20220909 14:27:10.525"/>
</kw>
<status status="PASS" starttime="20220909 14:27:10.056" endtime="20220909 14:27:10.525"/>
</kw>
<kw name="Close Browser" library="SeleniumLibrary" type="TEARDOWN">
<doc>Closes the current browser.</doc>
<status status="PASS" starttime="20220909 14:27:10.526" endtime="20220909 14:27:12.655"/>
</kw>
<status status="PASS" starttime="20220909 14:27:05.928" endtime="20220909 14:27:12.656"/>
</test>
<doc>Suite description #automated tests for scout website</doc>
<status status="PASS" starttime="20220909 14:26:39.896" endtime="20220909 14:27:12.658"/>
</suite>
<statistics>
<total>
<stat pass="6" fail="0" skip="0">All Tests</stat>
</total>
<tag>
</tag>
<suite>
<stat pass="6" fail="0" skip="0" id="s1" name="Test Login Rf">Test Login Rf</stat>
</suite>
</statistics>
<errors>
</errors>
</robot>
